<?xml version="1.0" encoding="UTF-8"?>
<!-- Generated by org.testng.reporters.JUnitReportReporter -->
<testsuite skipped="0" hostname="LAPTOP-JVNL5G83" name="com.qa.walmart.Tests.DepartmentTest" tests="1" failures="0" timestamp="12 Jun 2020 10:27:10 GMT" time="41.099" errors="0">
  <testcase name="goToDepartmentAndSelectAutomotiveTest" time="41.099" classname="com.qa.walmart.Tests.DepartmentTest"/>
</testsuite> <!-- com.qa.walmart.Tests.DepartmentTest -->
