<?xml version="1.0" encoding="UTF-8"?>
<!-- Generated by org.testng.reporters.JUnitReportReporter -->
<testsuite skipped="1" hostname="LAPTOP-JVNL5G83" name="com.qa.walmart.Tests.ClothingTest" tests="2" failures="0" timestamp="17 Jun 2020 10:36:35 GMT" time="25.431" errors="1">
  <testcase name="clickUrbanPlanetLinkTest" time="25.431" classname="com.qa.walmart.Tests.ClothingTest">
    <error type="java.lang.StackOverflowError">
      <![CDATA[java.lang.StackOverflowError
	at com.qa.walmart.Tests.ClothingTest.clickUrbanPlanetLinkTest(ClothingTest.java:46)
	at com.qa.walmart.Tests.ClothingTest.clickUrbanPlanetLinkTest(ClothingTest.java:46)
	at com.qa.walmart.Tests.ClothingTest.clickUrbanPlanetLinkTest(ClothingTest.java:46)
	at com.qa.walmart.Tests.ClothingTest.clickUrbanPlanetLinkTest(ClothingTest.java:46)
	at com.qa.walmart.Tests.ClothingTest.clickUrbanPlanetLinkTest(ClothingTest.java:46)
	at com.qa.walmart.Tests.ClothingTest.clickUrbanPlanetLinkTest(ClothingTest.java:46)
	at com.qa.walmart.Tests.ClothingTest.clickUrbanPlanetLinkTest(ClothingTest.java:46)
	at com.qa.walmart.Tests.ClothingTest.clickUrbanPlanetLinkTest(ClothingTest.java:46)
	at com.qa.walmart.Tests.ClothingTest.clickUrbanPlanetLinkTest(ClothingTest.java:46)
	at com.qa.walmart.Tests.ClothingTest.clickUrbanPlanetLinkTest(ClothingTest.java:46)
	at com.qa.walmart.Tests.ClothingTest.clickUrbanPlanetLinkTest(ClothingTest.java:46)
	at com.qa.walmart.Tests.ClothingTest.clickUrbanPlanetLinkTest(ClothingTest.java:46)
	at com.qa.walmart.Tests.ClothingTest.clickUrbanPlanetLinkTest(ClothingTest.java:46)
	at com.qa.walmart.Tests.ClothingTest.clickUrbanPlanetLinkTest(ClothingTest.java:46)
	at com.qa.walmart.Tests.ClothingTest.clickUrbanPlanetLinkTest(ClothingTest.java:46)
	at com.qa.walmart.Tests.ClothingTest.clickUrbanPlanetLinkTest(ClothingTest.java:46)
	at com.qa.walmart.Tests.ClothingTest.clickUrbanPlanetLinkTest(ClothingTest.java:46)
	at com.qa.walmart.Tests.ClothingTest.clickUrbanPlanetLinkTest(ClothingTest.java:46)
	at com.qa.walmart.Tests.ClothingTest.clickUrbanPlanetLinkTest(ClothingTest.java:46)
	at com.qa.walmart.Tests.ClothingTest.clickUrbanPlanetLinkTest(ClothingTest.java:46)
	at com.qa.walmart.Tests.ClothingTest.clickUrbanPlanetLinkTest(ClothingTest.java:46)
	at com.qa.walmart.Tests.ClothingTest.clickUrbanPlanetLinkTest(ClothingTest.java:46)
	at com.qa.walmart.Tests.ClothingTest.clickUrbanPlanetLinkTest(ClothingTest.java:46)
	at com.qa.walmart.Tests.ClothingTest.clickUrbanPlanetLinkTest(ClothingTest.java:46)
	at com.qa.walmart.Tests.ClothingTest.clickUrbanPlanetLinkTest(ClothingTest.java:46)
	at com.qa.walmart.Tests.ClothingTest.clickUrbanPlanetLinkTest(ClothingTest.java:46)
	at com.qa.walmart.Tests.ClothingTest.clickUrbanPlanetLinkTest(ClothingTest.java:46)
	at com.qa.walmart.Tests.ClothingTest.clickUrbanPlanetLinkTest(ClothingTest.java:46)
	at com.qa.walmart.Tests.ClothingTest.clickUrbanPlanetLinkTest(ClothingTest.java:46)
	at com.qa.walmart.Tests.ClothingTest.clickUrbanPlanetLinkTest(ClothingTest.java:46)
	at com.qa.walmart.Tests.ClothingTest.clickUrbanPlanetLinkTest(ClothingTest.java:46)
	at com.qa.walmart.Tests.ClothingTest.clickUrbanPlanetLinkTest(ClothingTest.java:46)
	at com.qa.walmart.Tests.ClothingTest.clickUrbanPlanetLinkTest(ClothingTest.java:46)
	at com.qa.walmart.Tests.ClothingTest.clickUrbanPlanetLinkTest(ClothingTest.java:46)
	at com.qa.walmart.Tests.ClothingTest.clickUrbanPlanetLinkTest(ClothingTest.java:46)
	at com.qa.walmart.Tests.ClothingTest.clickUrbanPlanetLinkTest(ClothingTest.java:46)
	at com.qa.walmart.Tests.ClothingTest.clickUrbanPlanetLinkTest(ClothingTest.java:46)
	at com.qa.walmart.Tests.ClothingTest.clickUrbanPlanetLinkTest(ClothingTest.java:46)
	at com.qa.walmart.Tests.ClothingTest.clickUrbanPlanetLinkTest(ClothingTest.java:46)
	at com.qa.walmart.Tests.ClothingTest.clickUrbanPlanetLinkTest(ClothingTest.java:46)
	at com.qa.walmart.Tests.ClothingTest.clickUrbanPlanetLinkTest(ClothingTest.java:46)
	at com.qa.walmart.Tests.ClothingTest.clickUrbanPlanetLinkTest(ClothingTest.java:46)
	at com.qa.walmart.Tests.ClothingTest.clickUrbanPlanetLinkTest(ClothingTest.java:46)
	at com.qa.walmart.Tests.ClothingTest.clickUrbanPlanetLinkTest(ClothingTest.java:46)
	at com.qa.walmart.Tests.ClothingTest.clickUrbanPlanetLinkTest(ClothingTest.java:46)
	at com.qa.walmart.Tests.ClothingTest.clickUrbanPlanetLinkTest(ClothingTest.java:46)
	at com.qa.walmart.Tests.ClothingTest.clickUrbanPlanetLinkTest(ClothingTest.java:46)
	at com.qa.walmart.Tests.ClothingTest.clickUrbanPlanetLinkTest(ClothingTest.java:46)
	at com.qa.walmart.Tests.ClothingTest.clickUrbanPlanetLinkTest(ClothingTest.java:46)
	at com.qa.walmart.Tests.ClothingTest.clickUrbanPlanetLinkTest(ClothingTest.java:46)
	at com.qa.walmart.Tests.ClothingTest.clickUrbanPlanetLinkTest(ClothingTest.java:46)
	at com.qa.walmart.Tests.ClothingTest.clickUrbanPlanetLinkTest(ClothingTest.java:46)
	at com.qa.walmart.Tests.ClothingTest.clickUrbanPlanetLinkTest(ClothingTest.java:46)
	at com.qa.walmart.Tests.ClothingTest.clickUrbanPlanetLinkTest(ClothingTest.java:46)
	at com.qa.walmart.Tests.ClothingTest.clickUrbanPlanetLinkTest(ClothingTest.java:46)
	at com.qa.walmart.Tests.ClothingTest.clickUrbanPlanetLinkTest(ClothingTest.java:46)
	at com.qa.walmart.Tests.ClothingTest.clickUrbanPlanetLinkTest(ClothingTest.java:46)
	at com.qa.walmart.Tests.ClothingTest.clickUrbanPlanetLinkTest(ClothingTest.java:46)
	at com.qa.walmart.Tests.ClothingTest.clickUrbanPlanetLinkTest(ClothingTest.java:46)
	at com.qa.walmart.Tests.ClothingTest.clickUrbanPlanetLinkTest(ClothingTest.java:46)
	at com.qa.walmart.Tests.ClothingTest.clickUrbanPlanetLinkTest(ClothingTest.java:46)
	at com.qa.walmart.Tests.ClothingTest.clickUrbanPlanetLinkTest(ClothingTest.java:46)
	at com.qa.walmart.Tests.ClothingTest.clickUrbanPlanetLinkTest(ClothingTest.java:46)
	at com.qa.walmart.Tests.ClothingTest.clickUrbanPlanetLinkTest(ClothingTest.java:46)
	at com.qa.walmart.Tests.ClothingTest.clickUrbanPlanetLinkTest(ClothingTest.java:46)
	at com.qa.walmart.Tests.ClothingTest.clickUrbanPlanetLinkTest(ClothingTest.java:46)
	at com.qa.walmart.Tests.ClothingTest.clickUrbanPlanetLinkTest(ClothingTest.java:46)
	at com.qa.walmart.Tests.ClothingTest.clickUrbanPlanetLinkTest(ClothingTest.java:46)
	at com.qa.walmart.Tests.ClothingTest.clickUrbanPlanetLinkTest(ClothingTest.java:46)
	at com.qa.walmart.Tests.ClothingTest.clickUrbanPlanetLinkTest(ClothingTest.java:46)
	at com.qa.walmart.Tests.ClothingTest.clickUrbanPlanetLinkTest(ClothingTest.java:46)
	at com.qa.walmart.Tests.ClothingTest.clickUrbanPlanetLinkTest(ClothingTest.java:46)
	at com.qa.walmart.Tests.ClothingTest.clickUrbanPlanetLinkTest(ClothingTest.java:46)
	at com.qa.walmart.Tests.ClothingTest.clickUrbanPlanetLinkTest(ClothingTest.java:46)
	at com.qa.walmart.Tests.ClothingTest.clickUrbanPlanetLinkTest(ClothingTest.java:46)
	at com.qa.walmart.Tests.ClothingTest.clickUrbanPlanetLinkTest(ClothingTest.java:46)
	at com.qa.walmart.Tests.ClothingTest.clickUrbanPlanetLinkTest(ClothingTest.java:46)
	at com.qa.walmart.Tests.ClothingTest.clickUrbanPlanetLinkTest(ClothingTest.java:46)
	at com.qa.walmart.Tests.ClothingTest.clickUrbanPlanetLinkTest(ClothingTest.java:46)
	at com.qa.walmart.Tests.ClothingTest.clickUrbanPlanetLinkTest(ClothingTest.java:46)
	at com.qa.walmart.Tests.ClothingTest.clickUrbanPlanetLinkTest(ClothingTest.java:46)
	at com.qa.walmart.Tests.ClothingTest.clickUrbanPlanetLinkTest(ClothingTest.java:46)
	at com.qa.walmart.Tests.ClothingTest.clickUrbanPlanetLinkTest(ClothingTest.java:46)
	at com.qa.walmart.Tests.ClothingTest.clickUrbanPlanetLinkTest(ClothingTest.java:46)
	at com.qa.walmart.Tests.ClothingTest.clickUrbanPlanetLinkTest(ClothingTest.java:46)
	at com.qa.walmart.Tests.ClothingTest.clickUrbanPlanetLinkTest(ClothingTest.java:46)
	at com.qa.walmart.Tests.ClothingTest.clickUrbanPlanetLinkTest(ClothingTest.java:46)
	at com.qa.walmart.Tests.ClothingTest.clickUrbanPlanetLinkTest(ClothingTest.java:46)
	at com.qa.walmart.Tests.ClothingTest.clickUrbanPlanetLinkTest(ClothingTest.java:46)
	at com.qa.walmart.Tests.ClothingTest.clickUrbanPlanetLinkTest(ClothingTest.java:46)
	at com.qa.walmart.Tests.ClothingTest.clickUrbanPlanetLinkTest(ClothingTest.java:46)
	at com.qa.walmart.Tests.ClothingTest.clickUrbanPlanetLinkTest(ClothingTest.java:46)
	at com.qa.walmart.Tests.ClothingTest.clickUrbanPlanetLinkTest(ClothingTest.java:46)
	at com.qa.walmart.Tests.ClothingTest.clickUrbanPlanetLinkTest(ClothingTest.java:46)
	at com.qa.walmart.Tests.ClothingTest.clickUrbanPlanetLinkTest(ClothingTest.java:46)
	at com.qa.walmart.Tests.ClothingTest.clickUrbanPlanetLinkTest(ClothingTest.java:46)
	at com.qa.walmart.Tests.ClothingTest.clickUrbanPlanetLinkTest(ClothingTest.java:46)
	at com.qa.walmart.Tests.ClothingTest.clickUrbanPlanetLinkTest(ClothingTest.java:46)
	at com.qa.walmart.Tests.ClothingTest.clickUrbanPlanetLinkTest(ClothingTest.java:46)
	at com.qa.walmart.Tests.ClothingTest.clickUrbanPlanetLinkTest(ClothingTest.java:46)
	at com.qa.walmart.Tests.ClothingTest.clickUrbanPlanetLinkTest(ClothingTest.java:46)
	at com.qa.walmart.Tests.ClothingTest.clickUrbanPlanetLinkTest(ClothingTest.java:46)
	at com.qa.walmart.Tests.ClothingTest.clickUrbanPlanetLinkTest(ClothingTest.java:46)
	at com.qa.walmart.Tests.ClothingTest.clickUrbanPlanetLinkTest(ClothingTest.java:46)
	at com.qa.walmart.Tests.ClothingTest.clickUrbanPlanetLinkTest(ClothingTest.java:46)
	at com.qa.walmart.Tests.ClothingTest.clickUrbanPlanetLinkTest(ClothingTest.java:46)
	at com.qa.walmart.Tests.ClothingTest.clickUrbanPlanetLinkTest(ClothingTest.java:46)
	at com.qa.walmart.Tests.ClothingTest.clickUrbanPlanetLinkTest(ClothingTest.java:46)
	at com.qa.walmart.Tests.ClothingTest.clickUrbanPlanetLinkTest(ClothingTest.java:46)
	at com.qa.walmart.Tests.ClothingTest.clickUrbanPlanetLinkTest(ClothingTest.java:46)
	at com.qa.walmart.Tests.ClothingTest.clickUrbanPlanetLinkTest(ClothingTest.java:46)
	at com.qa.walmart.Tests.ClothingTest.clickUrbanPlanetLinkTest(ClothingTest.java:46)
	at com.qa.walmart.Tests.ClothingTest.clickUrbanPlanetLinkTest(ClothingTest.java:46)
	at com.qa.walmart.Tests.ClothingTest.clickUrbanPlanetLinkTest(ClothingTest.java:46)
	at com.qa.walmart.Tests.ClothingTest.clickUrbanPlanetLinkTest(ClothingTest.java:46)
	at com.qa.walmart.Tests.ClothingTest.clickUrbanPlanetLinkTest(ClothingTest.java:46)
	at com.qa.walmart.Tests.ClothingTest.clickUrbanPlanetLinkTest(ClothingTest.java:46)
	at com.qa.walmart.Tests.ClothingTest.clickUrbanPlanetLinkTest(ClothingTest.java:46)
	at com.qa.walmart.Tests.ClothingTest.clickUrbanPlanetLinkTest(ClothingTest.java:46)
	at com.qa.walmart.Tests.ClothingTest.clickUrbanPlanetLinkTest(ClothingTest.java:46)
	at com.qa.walmart.Tests.ClothingTest.clickUrbanPlanetLinkTest(ClothingTest.java:46)
	at com.qa.walmart.Tests.ClothingTest.clickUrbanPlanetLinkTest(ClothingTest.java:46)
	at com.qa.walmart.Tests.ClothingTest.clickUrbanPlanetLinkTest(ClothingTest.java:46)
	at com.qa.walmart.Tests.ClothingTest.clickUrbanPlanetLinkTest(ClothingTest.java:46)
	at com.qa.walmart.Tests.ClothingTest.clickUrbanPlanetLinkTest(ClothingTest.java:46)
	at com.qa.walmart.Tests.ClothingTest.clickUrbanPlanetLinkTest(ClothingTest.java:46)
	at com.qa.walmart.Tests.ClothingTest.clickUrbanPlanetLinkTest(ClothingTest.java:46)
	at com.qa.walmart.Tests.ClothingTest.clickUrbanPlanetLinkTest(ClothingTest.java:46)
	at com.qa.walmart.Tests.ClothingTest.clickUrbanPlanetLinkTest(ClothingTest.java:46)
	at com.qa.walmart.Tests.ClothingTest.clickUrbanPlanetLinkTest(ClothingTest.java:46)
	at com.qa.walmart.Tests.ClothingTest.clickUrbanPlanetLinkTest(ClothingTest.java:46)
	at com.qa.walmart.Tests.ClothingTest.clickUrbanPlanetLinkTest(ClothingTest.java:46)
	at com.qa.walmart.Tests.ClothingTest.clickUrbanPlanetLinkTest(ClothingTest.java:46)
	at com.qa.walmart.Tests.ClothingTest.clickUrbanPlanetLinkTest(ClothingTest.java:46)
	at com.qa.walmart.Tests.ClothingTest.clickUrbanPlanetLinkTest(ClothingTest.java:46)
	at com.qa.walmart.Tests.ClothingTest.clickUrbanPlanetLinkTest(ClothingTest.java:46)
	at com.qa.walmart.Tests.ClothingTest.clickUrbanPlanetLinkTest(ClothingTest.java:46)
	at com.qa.walmart.Tests.ClothingTest.clickUrbanPlanetLinkTest(ClothingTest.java:46)
	at com.qa.walmart.Tests.ClothingTest.clickUrbanPlanetLinkTest(ClothingTest.java:46)
	at com.qa.walmart.Tests.ClothingTest.clickUrbanPlanetLinkTest(ClothingTest.java:46)
	at com.qa.walmart.Tests.ClothingTest.clickUrbanPlanetLinkTest(ClothingTest.java:46)
	at com.qa.walmart.Tests.ClothingTest.clickUrbanPlanetLinkTest(ClothingTest.java:46)
	at com.qa.walmart.Tests.ClothingTest.clickUrbanPlanetLinkTest(ClothingTest.java:46)
	at com.qa.walmart.Tests.ClothingTest.clickUrbanPlanetLinkTest(ClothingTest.java:46)
	at com.qa.walmart.Tests.ClothingTest.clickUrbanPlanetLinkTest(ClothingTest.java:46)
	at com.qa.walmart.Tests.ClothingTest.clickUrbanPlanetLinkTest(ClothingTest.java:46)
	at com.qa.walmart.Tests.ClothingTest.clickUrbanPlanetLinkTest(ClothingTest.java:46)
	at com.qa.walmart.Tests.ClothingTest.clickUrbanPlanetLinkTest(ClothingTest.java:46)
	at com.qa.walmart.Tests.ClothingTest.clickUrbanPlanetLinkTest(ClothingTest.java:46)
	at com.qa.walmart.Tests.ClothingTest.clickUrbanPlanetLinkTest(ClothingTest.java:46)
	at com.qa.walmart.Tests.ClothingTest.clickUrbanPlanetLinkTest(ClothingTest.java:46)
	at com.qa.walmart.Tests.ClothingTest.clickUrbanPlanetLinkTest(ClothingTest.java:46)
	at com.qa.walmart.Tests.ClothingTest.clickUrbanPlanetLinkTest(ClothingTest.java:46)
	at com.qa.walmart.Tests.ClothingTest.clickUrbanPlanetLinkTest(ClothingTest.java:46)
	at com.qa.walmart.Tests.ClothingTest.clickUrbanPlanetLinkTest(ClothingTest.java:46)
	at com.qa.walmart.Tests.ClothingTest.clickUrbanPlanetLinkTest(ClothingTest.java:46)
	at com.qa.walmart.Tests.ClothingTest.clickUrbanPlanetLinkTest(ClothingTest.java:46)
	at com.qa.walmart.Tests.ClothingTest.clickUrbanPlanetLinkTest(ClothingTest.java:46)
	at com.qa.walmart.Tests.ClothingTest.clickUrbanPlanetLinkTest(ClothingTest.java:46)
	at com.qa.walmart.Tests.ClothingTest.clickUrbanPlanetLinkTest(ClothingTest.java:46)
	at com.qa.walmart.Tests.ClothingTest.clickUrbanPlanetLinkTest(ClothingTest.java:46)
	at com.qa.walmart.Tests.ClothingTest.clickUrbanPlanetLinkTest(ClothingTest.java:46)
	at com.qa.walmart.Tests.ClothingTest.clickUrbanPlanetLinkTest(ClothingTest.java:46)
	at com.qa.walmart.Tests.ClothingTest.clickUrbanPlanetLinkTest(ClothingTest.java:46)
	at com.qa.walmart.Tests.ClothingTest.clickUrbanPlanetLinkTest(ClothingTest.java:46)
	at com.qa.walmart.Tests.ClothingTest.clickUrbanPlanetLinkTest(ClothingTest.java:46)
	at com.qa.walmart.Tests.ClothingTest.clickUrbanPlanetLinkTest(ClothingTest.java:46)
	at com.qa.walmart.Tests.ClothingTest.clickUrbanPlanetLinkTest(ClothingTest.java:46)
	at com.qa.walmart.Tests.ClothingTest.clickUrbanPlanetLinkTest(ClothingTest.java:46)
	at com.qa.walmart.Tests.ClothingTest.clickUrbanPlanetLinkTest(ClothingTest.java:46)
	at com.qa.walmart.Tests.ClothingTest.clickUrbanPlanetLinkTest(ClothingTest.java:46)
	at com.qa.walmart.Tests.ClothingTest.clickUrbanPlanetLinkTest(ClothingTest.java:46)
	at com.qa.walmart.Tests.ClothingTest.clickUrbanPlanetLinkTest(ClothingTest.java:46)
	at com.qa.walmart.Tests.ClothingTest.clickUrbanPlanetLinkTest(ClothingTest.java:46)
	at com.qa.walmart.Tests.ClothingTest.clickUrbanPlanetLinkTest(ClothingTest.java:46)
	at com.qa.walmart.Tests.ClothingTest.clickUrbanPlanetLinkTest(ClothingTest.java:46)
	at com.qa.walmart.Tests.ClothingTest.clickUrbanPlanetLinkTest(ClothingTest.java:46)
	at com.qa.walmart.Tests.ClothingTest.clickUrbanPlanetLinkTest(ClothingTest.java:46)
	at com.qa.walmart.Tests.ClothingTest.clickUrbanPlanetLinkTest(ClothingTest.java:46)
	at com.qa.walmart.Tests.ClothingTest.clickUrbanPlanetLinkTest(ClothingTest.java:46)
	at com.qa.walmart.Tests.ClothingTest.clickUrbanPlanetLinkTest(ClothingTest.java:46)
	at com.qa.walmart.Tests.ClothingTest.clickUrbanPlanetLinkTest(ClothingTest.java:46)
	at com.qa.walmart.Tests.ClothingTest.clickUrbanPlanetLinkTest(ClothingTest.java:46)
	at com.qa.walmart.Tests.ClothingTest.clickUrbanPlanetLinkTest(ClothingTest.java:46)
	at com.qa.walmart.Tests.ClothingTest.clickUrbanPlanetLinkTest(ClothingTest.java:46)
	at com.qa.walmart.Tests.ClothingTest.clickUrbanPlanetLinkTest(ClothingTest.java:46)
	at com.qa.walmart.Tests.ClothingTest.clickUrbanPlanetLinkTest(ClothingTest.java:46)
	at com.qa.walmart.Tests.ClothingTest.clickUrbanPlanetLinkTest(ClothingTest.java:46)
	at com.qa.walmart.Tests.ClothingTest.clickUrbanPlanetLinkTest(ClothingTest.java:46)
	at com.qa.walmart.Tests.ClothingTest.clickUrbanPlanetLinkTest(ClothingTest.java:46)
	at com.qa.walmart.Tests.ClothingTest.clickUrbanPlanetLinkTest(ClothingTest.java:46)
	at com.qa.walmart.Tests.ClothingTest.clickUrbanPlanetLinkTest(ClothingTest.java:46)
	at com.qa.walmart.Tests.ClothingTest.clickUrbanPlanetLinkTest(ClothingTest.java:46)
	at com.qa.walmart.Tests.ClothingTest.clickUrbanPlanetLinkTest(ClothingTest.java:46)
	at com.qa.walmart.Tests.ClothingTest.clickUrbanPlanetLinkTest(ClothingTest.java:46)
	at com.qa.walmart.Tests.ClothingTest.clickUrbanPlanetLinkTest(ClothingTest.java:46)
	at com.qa.walmart.Tests.ClothingTest.clickUrbanPlanetLinkTest(ClothingTest.java:46)
	at com.qa.walmart.Tests.ClothingTest.clickUrbanPlanetLinkTest(ClothingTest.java:46)
	at com.qa.walmart.Tests.ClothingTest.clickUrbanPlanetLinkTest(ClothingTest.java:46)
	at com.qa.walmart.Tests.ClothingTest.clickUrbanPlanetLinkTest(ClothingTest.java:46)
	at com.qa.walmart.Tests.ClothingTest.clickUrbanPlanetLinkTest(ClothingTest.java:46)
	at com.qa.walmart.Tests.ClothingTest.clickUrbanPlanetLinkTest(ClothingTest.java:46)
	at com.qa.walmart.Tests.ClothingTest.clickUrbanPlanetLinkTest(ClothingTest.java:46)
	at com.qa.walmart.Tests.ClothingTest.clickUrbanPlanetLinkTest(ClothingTest.java:46)
	at com.qa.walmart.Tests.ClothingTest.clickUrbanPlanetLinkTest(ClothingTest.java:46)
	at com.qa.walmart.Tests.ClothingTest.clickUrbanPlanetLinkTest(ClothingTest.java:46)
	at com.qa.walmart.Tests.ClothingTest.clickUrbanPlanetLinkTest(ClothingTest.java:46)
	at com.qa.walmart.Tests.ClothingTest.clickUrbanPlanetLinkTest(ClothingTest.java:46)
	at com.qa.walmart.Tests.ClothingTest.clickUrbanPlanetLinkTest(ClothingTest.java:46)
	at com.qa.walmart.Tests.ClothingTest.clickUrbanPlanetLinkTest(ClothingTest.java:46)
	at com.qa.walmart.Tests.ClothingTest.clickUrbanPlanetLinkTest(ClothingTest.java:46)
	at com.qa.walmart.Tests.ClothingTest.clickUrbanPlanetLinkTest(ClothingTest.java:46)
	at com.qa.walmart.Tests.ClothingTest.clickUrbanPlanetLinkTest(ClothingTest.java:46)
	at com.qa.walmart.Tests.ClothingTest.clickUrbanPlanetLinkTest(ClothingTest.java:46)
	at com.qa.walmart.Tests.ClothingTest.clickUrbanPlanetLinkTest(ClothingTest.java:46)
	at com.qa.walmart.Tests.ClothingTest.clickUrbanPlanetLinkTest(ClothingTest.java:46)
	at com.qa.walmart.Tests.ClothingTest.clickUrbanPlanetLinkTest(ClothingTest.java:46)
	at com.qa.walmart.Tests.ClothingTest.clickUrbanPlanetLinkTest(ClothingTest.java:46)
	at com.qa.walmart.Tests.ClothingTest.clickUrbanPlanetLinkTest(ClothingTest.java:46)
	at com.qa.walmart.Tests.ClothingTest.clickUrbanPlanetLinkTest(ClothingTest.java:46)
	at com.qa.walmart.Tests.ClothingTest.clickUrbanPlanetLinkTest(ClothingTest.java:46)
	at com.qa.walmart.Tests.ClothingTest.clickUrbanPlanetLinkTest(ClothingTest.java:46)
	at com.qa.walmart.Tests.ClothingTest.clickUrbanPlanetLinkTest(ClothingTest.java:46)
	at com.qa.walmart.Tests.ClothingTest.clickUrbanPlanetLinkTest(ClothingTest.java:46)
	at com.qa.walmart.Tests.ClothingTest.clickUrbanPlanetLinkTest(ClothingTest.java:46)
	at com.qa.walmart.Tests.ClothingTest.clickUrbanPlanetLinkTest(ClothingTest.java:46)
	at com.qa.walmart.Tests.ClothingTest.clickUrbanPlanetLinkTest(ClothingTest.java:46)
	at com.qa.walmart.Tests.ClothingTest.clickUrbanPlanetLinkTest(ClothingTest.java:46)
	at com.qa.walmart.Tests.ClothingTest.clickUrbanPlanetLinkTest(ClothingTest.java:46)
	at com.qa.walmart.Tests.ClothingTest.clickUrbanPlanetLinkTest(ClothingTest.java:46)
	at com.qa.walmart.Tests.ClothingTest.clickUrbanPlanetLinkTest(ClothingTest.java:46)
	at com.qa.walmart.Tests.ClothingTest.clickUrbanPlanetLinkTest(ClothingTest.java:46)
	at com.qa.walmart.Tests.ClothingTest.clickUrbanPlanetLinkTest(ClothingTest.java:46)
	at com.qa.walmart.Tests.ClothingTest.clickUrbanPlanetLinkTest(ClothingTest.java:46)
	at com.qa.walmart.Tests.ClothingTest.clickUrbanPlanetLinkTest(ClothingTest.java:46)
	at com.qa.walmart.Tests.ClothingTest.clickUrbanPlanetLinkTest(ClothingTest.java:46)
	at com.qa.walmart.Tests.ClothingTest.clickUrbanPlanetLinkTest(ClothingTest.java:46)
	at com.qa.walmart.Tests.ClothingTest.clickUrbanPlanetLinkTest(ClothingTest.java:46)
	at com.qa.walmart.Tests.ClothingTest.clickUrbanPlanetLinkTest(ClothingTest.java:46)
	at com.qa.walmart.Tests.ClothingTest.clickUrbanPlanetLinkTest(ClothingTest.java:46)
	at com.qa.walmart.Tests.ClothingTest.clickUrbanPlanetLinkTest(ClothingTest.java:46)
	at com.qa.walmart.Tests.ClothingTest.clickUrbanPlanetLinkTest(ClothingTest.java:46)
	at com.qa.walmart.Tests.ClothingTest.clickUrbanPlanetLinkTest(ClothingTest.java:46)
	at com.qa.walmart.Tests.ClothingTest.clickUrbanPlanetLinkTest(ClothingTest.java:46)
	at com.qa.walmart.Tests.ClothingTest.clickUrbanPlanetLinkTest(ClothingTest.java:46)
	at com.qa.walmart.Tests.ClothingTest.clickUrbanPlanetLinkTest(ClothingTest.java:46)
	at com.qa.walmart.Tests.ClothingTest.clickUrbanPlanetLinkTest(ClothingTest.java:46)
	at com.qa.walmart.Tests.ClothingTest.clickUrbanPlanetLinkTest(ClothingTest.java:46)
	at com.qa.walmart.Tests.ClothingTest.clickUrbanPlanetLinkTest(ClothingTest.java:46)
	at com.qa.walmart.Tests.ClothingTest.clickUrbanPlanetLinkTest(ClothingTest.java:46)
	at com.qa.walmart.Tests.ClothingTest.clickUrbanPlanetLinkTest(ClothingTest.java:46)
	at com.qa.walmart.Tests.ClothingTest.clickUrbanPlanetLinkTest(ClothingTest.java:46)
	at com.qa.walmart.Tests.ClothingTest.clickUrbanPlanetLinkTest(ClothingTest.java:46)
	at com.qa.walmart.Tests.ClothingTest.clickUrbanPlanetLinkTest(ClothingTest.java:46)
	at com.qa.walmart.Tests.ClothingTest.clickUrbanPlanetLinkTest(ClothingTest.java:46)
	at com.qa.walmart.Tests.ClothingTest.clickUrbanPlanetLinkTest(ClothingTest.java:46)
	at com.qa.walmart.Tests.ClothingTest.clickUrbanPlanetLinkTest(ClothingTest.java:46)
	at com.qa.walmart.Tests.ClothingTest.clickUrbanPlanetLinkTest(ClothingTest.java:46)
	at com.qa.walmart.Tests.ClothingTest.clickUrbanPlanetLinkTest(ClothingTest.java:46)
	at com.qa.walmart.Tests.ClothingTest.clickUrbanPlanetLinkTest(ClothingTest.java:46)
	at com.qa.walmart.Tests.ClothingTest.clickUrbanPlanetLinkTest(ClothingTest.java:46)
	at com.qa.walmart.Tests.ClothingTest.clickUrbanPlanetLinkTest(ClothingTest.java:46)
	at com.qa.walmart.Tests.ClothingTest.clickUrbanPlanetLinkTest(ClothingTest.java:46)
	at com.qa.walmart.Tests.ClothingTest.clickUrbanPlanetLinkTest(ClothingTest.java:46)
	at com.qa.walmart.Tests.ClothingTest.clickUrbanPlanetLinkTest(ClothingTest.java:46)
	at com.qa.walmart.Tests.ClothingTest.clickUrbanPlanetLinkTest(ClothingTest.java:46)
	at com.qa.walmart.Tests.ClothingTest.clickUrbanPlanetLinkTest(ClothingTest.java:46)
	at com.qa.walmart.Tests.ClothingTest.clickUrbanPlanetLinkTest(ClothingTest.java:46)
	at com.qa.walmart.Tests.ClothingTest.clickUrbanPlanetLinkTest(ClothingTest.java:46)
	at com.qa.walmart.Tests.ClothingTest.clickUrbanPlanetLinkTest(ClothingTest.java:46)
	at com.qa.walmart.Tests.ClothingTest.clickUrbanPlanetLinkTest(ClothingTest.java:46)
	at com.qa.walmart.Tests.ClothingTest.clickUrbanPlanetLinkTest(ClothingTest.java:46)
	at com.qa.walmart.Tests.ClothingTest.clickUrbanPlanetLinkTest(ClothingTest.java:46)
	at com.qa.walmart.Tests.ClothingTest.clickUrbanPlanetLinkTest(ClothingTest.java:46)
	at com.qa.walmart.Tests.ClothingTest.clickUrbanPlanetLinkTest(ClothingTest.java:46)
	at com.qa.walmart.Tests.ClothingTest.clickUrbanPlanetLinkTest(ClothingTest.java:46)
	at com.qa.walmart.Tests.ClothingTest.clickUrbanPlanetLinkTest(ClothingTest.java:46)
	at com.qa.walmart.Tests.ClothingTest.clickUrbanPlanetLinkTest(ClothingTest.java:46)
	at com.qa.walmart.Tests.ClothingTest.clickUrbanPlanetLinkTest(ClothingTest.java:46)
	at com.qa.walmart.Tests.ClothingTest.clickUrbanPlanetLinkTest(ClothingTest.java:46)
	at com.qa.walmart.Tests.ClothingTest.clickUrbanPlanetLinkTest(ClothingTest.java:46)
	at com.qa.walmart.Tests.ClothingTest.clickUrbanPlanetLinkTest(ClothingTest.java:46)
	at com.qa.walmart.Tests.ClothingTest.clickUrbanPlanetLinkTest(ClothingTest.java:46)
	at com.qa.walmart.Tests.ClothingTest.clickUrbanPlanetLinkTest(ClothingTest.java:46)
	at com.qa.walmart.Tests.ClothingTest.clickUrbanPlanetLinkTest(ClothingTest.java:46)
	at com.qa.walmart.Tests.ClothingTest.clickUrbanPlanetLinkTest(ClothingTest.java:46)
	at com.qa.walmart.Tests.ClothingTest.clickUrbanPlanetLinkTest(ClothingTest.java:46)
	at com.qa.walmart.Tests.ClothingTest.clickUrbanPlanetLinkTest(ClothingTest.java:46)
	at com.qa.walmart.Tests.ClothingTest.clickUrbanPlanetLinkTest(ClothingTest.java:46)
	at com.qa.walmart.Tests.ClothingTest.clickUrbanPlanetLinkTest(ClothingTest.java:46)
	at com.qa.walmart.Tests.ClothingTest.clickUrbanPlanetLinkTest(ClothingTest.java:46)
	at com.qa.walmart.Tests.ClothingTest.clickUrbanPlanetLinkTest(ClothingTest.java:46)
	at com.qa.walmart.Tests.ClothingTest.clickUrbanPlanetLinkTest(ClothingTest.java:46)
	at com.qa.walmart.Tests.ClothingTest.clickUrbanPlanetLinkTest(ClothingTest.java:46)
	at com.qa.walmart.Tests.ClothingTest.clickUrbanPlanetLinkTest(ClothingTest.java:46)
	at com.qa.walmart.Tests.ClothingTest.clickUrbanPlanetLinkTest(ClothingTest.java:46)
	at com.qa.walmart.Tests.ClothingTest.clickUrbanPlanetLinkTest(ClothingTest.java:46)
	at com.qa.walmart.Tests.ClothingTest.clickUrbanPlanetLinkTest(ClothingTest.java:46)
	at com.qa.walmart.Tests.ClothingTest.clickUrbanPlanetLinkTest(ClothingTest.java:46)
	at com.qa.walmart.Tests.ClothingTest.clickUrbanPlanetLinkTest(ClothingTest.java:46)
	at com.qa.walmart.Tests.ClothingTest.clickUrbanPlanetLinkTest(ClothingTest.java:46)
	at com.qa.walmart.Tests.ClothingTest.clickUrbanPlanetLinkTest(ClothingTest.java:46)
	at com.qa.walmart.Tests.ClothingTest.clickUrbanPlanetLinkTest(ClothingTest.java:46)
	at com.qa.walmart.Tests.ClothingTest.clickUrbanPlanetLinkTest(ClothingTest.java:46)
	at com.qa.walmart.Tests.ClothingTest.clickUrbanPlanetLinkTest(ClothingTest.java:46)
	at com.qa.walmart.Tests.ClothingTest.clickUrbanPlanetLinkTest(ClothingTest.java:46)
	at com.qa.walmart.Tests.ClothingTest.clickUrbanPlanetLinkTest(ClothingTest.java:46)
	at com.qa.walmart.Tests.ClothingTest.clickUrbanPlanetLinkTest(ClothingTest.java:46)
	at com.qa.walmart.Tests.ClothingTest.clickUrbanPlanetLinkTest(ClothingTest.java:46)
	at com.qa.walmart.Tests.ClothingTest.clickUrbanPlanetLinkTest(ClothingTest.java:46)
	at com.qa.walmart.Tests.ClothingTest.clickUrbanPlanetLinkTest(ClothingTest.java:46)
	at com.qa.walmart.Tests.ClothingTest.clickUrbanPlanetLinkTest(ClothingTest.java:46)
	at com.qa.walmart.Tests.ClothingTest.clickUrbanPlanetLinkTest(ClothingTest.java:46)
	at com.qa.walmart.Tests.ClothingTest.clickUrbanPlanetLinkTest(ClothingTest.java:46)
	at com.qa.walmart.Tests.ClothingTest.clickUrbanPlanetLinkTest(ClothingTest.java:46)
	at com.qa.walmart.Tests.ClothingTest.clickUrbanPlanetLinkTest(ClothingTest.java:46)
	at com.qa.walmart.Tests.ClothingTest.clickUrbanPlanetLinkTest(ClothingTest.java:46)
	at com.qa.walmart.Tests.ClothingTest.clickUrbanPlanetLinkTest(ClothingTest.java:46)
	at com.qa.walmart.Tests.ClothingTest.clickUrbanPlanetLinkTest(ClothingTest.java:46)
	at com.qa.walmart.Tests.ClothingTest.clickUrbanPlanetLinkTest(ClothingTest.java:46)
	at com.qa.walmart.Tests.ClothingTest.clickUrbanPlanetLinkTest(ClothingTest.java:46)
	at com.qa.walmart.Tests.ClothingTest.clickUrbanPlanetLinkTest(ClothingTest.java:46)
	at com.qa.walmart.Tests.ClothingTest.clickUrbanPlanetLinkTest(ClothingTest.java:46)
	at com.qa.walmart.Tests.ClothingTest.clickUrbanPlanetLinkTest(ClothingTest.java:46)
	at com.qa.walmart.Tests.ClothingTest.clickUrbanPlanetLinkTest(ClothingTest.java:46)
	at com.qa.walmart.Tests.ClothingTest.clickUrbanPlanetLinkTest(ClothingTest.java:46)
	at com.qa.walmart.Tests.ClothingTest.clickUrbanPlanetLinkTest(ClothingTest.java:46)
	at com.qa.walmart.Tests.ClothingTest.clickUrbanPlanetLinkTest(ClothingTest.java:46)
	at com.qa.walmart.Tests.ClothingTest.clickUrbanPlanetLinkTest(ClothingTest.java:46)
	at com.qa.walmart.Tests.ClothingTest.clickUrbanPlanetLinkTest(ClothingTest.java:46)
	at com.qa.walmart.Tests.ClothingTest.clickUrbanPlanetLinkTest(ClothingTest.java:46)
	at com.qa.walmart.Tests.ClothingTest.clickUrbanPlanetLinkTest(ClothingTest.java:46)
	at com.qa.walmart.Tests.ClothingTest.clickUrbanPlanetLinkTest(ClothingTest.java:46)
	at com.qa.walmart.Tests.ClothingTest.clickUrbanPlanetLinkTest(ClothingTest.java:46)
	at com.qa.walmart.Tests.ClothingTest.clickUrbanPlanetLinkTest(ClothingTest.java:46)
	at com.qa.walmart.Tests.ClothingTest.clickUrbanPlanetLinkTest(ClothingTest.java:46)
	at com.qa.walmart.Tests.ClothingTest.clickUrbanPlanetLinkTest(ClothingTest.java:46)
	at com.qa.walmart.Tests.ClothingTest.clickUrbanPlanetLinkTest(ClothingTest.java:46)
	at com.qa.walmart.Tests.ClothingTest.clickUrbanPlanetLinkTest(ClothingTest.java:46)
	at com.qa.walmart.Tests.ClothingTest.clickUrbanPlanetLinkTest(ClothingTest.java:46)
	at com.qa.walmart.Tests.ClothingTest.clickUrbanPlanetLinkTest(ClothingTest.java:46)
	at com.qa.walmart.Tests.ClothingTest.clickUrbanPlanetLinkTest(ClothingTest.java:46)
	at com.qa.walmart.Tests.ClothingTest.clickUrbanPlanetLinkTest(ClothingTest.java:46)
	at com.qa.walmart.Tests.ClothingTest.clickUrbanPlanetLinkTest(ClothingTest.java:46)
	at com.qa.walmart.Tests.ClothingTest.clickUrbanPlanetLinkTest(ClothingTest.java:46)
	at com.qa.walmart.Tests.ClothingTest.clickUrbanPlanetLinkTest(ClothingTest.java:46)
	at com.qa.walmart.Tests.ClothingTest.clickUrbanPlanetLinkTest(ClothingTest.java:46)
	at com.qa.walmart.Tests.ClothingTest.clickUrbanPlanetLinkTest(ClothingTest.java:46)
	at com.qa.walmart.Tests.ClothingTest.clickUrbanPlanetLinkTest(ClothingTest.java:46)
	at com.qa.walmart.Tests.ClothingTest.clickUrbanPlanetLinkTest(ClothingTest.java:46)
	at com.qa.walmart.Tests.ClothingTest.clickUrbanPlanetLinkTest(ClothingTest.java:46)
	at com.qa.walmart.Tests.ClothingTest.clickUrbanPlanetLinkTest(ClothingTest.java:46)
	at com.qa.walmart.Tests.ClothingTest.clickUrbanPlanetLinkTest(ClothingTest.java:46)
	at com.qa.walmart.Tests.ClothingTest.clickUrbanPlanetLinkTest(ClothingTest.java:46)
	at com.qa.walmart.Tests.ClothingTest.clickUrbanPlanetLinkTest(ClothingTest.java:46)
	at com.qa.walmart.Tests.ClothingTest.clickUrbanPlanetLinkTest(ClothingTest.java:46)
	at com.qa.walmart.Tests.ClothingTest.clickUrbanPlanetLinkTest(ClothingTest.java:46)
	at com.qa.walmart.Tests.ClothingTest.clickUrbanPlanetLinkTest(ClothingTest.java:46)
	at com.qa.walmart.Tests.ClothingTest.clickUrbanPlanetLinkTest(ClothingTest.java:46)
	at com.qa.walmart.Tests.ClothingTest.clickUrbanPlanetLinkTest(ClothingTest.java:46)
	at com.qa.walmart.Tests.ClothingTest.clickUrbanPlanetLinkTest(ClothingTest.java:46)
	at com.qa.walmart.Tests.ClothingTest.clickUrbanPlanetLinkTest(ClothingTest.java:46)
	at com.qa.walmart.Tests.ClothingTest.clickUrbanPlanetLinkTest(ClothingTest.java:46)
	at com.qa.walmart.Tests.ClothingTest.clickUrbanPlanetLinkTest(ClothingTest.java:46)
	at com.qa.walmart.Tests.ClothingTest.clickUrbanPlanetLinkTest(ClothingTest.java:46)
	at com.qa.walmart.Tests.ClothingTest.clickUrbanPlanetLinkTest(ClothingTest.java:46)
	at com.qa.walmart.Tests.ClothingTest.clickUrbanPlanetLinkTest(ClothingTest.java:46)
	at com.qa.walmart.Tests.ClothingTest.clickUrbanPlanetLinkTest(ClothingTest.java:46)
	at com.qa.walmart.Tests.ClothingTest.clickUrbanPlanetLinkTest(ClothingTest.java:46)
	at com.qa.walmart.Tests.ClothingTest.clickUrbanPlanetLinkTest(ClothingTest.java:46)
	at com.qa.walmart.Tests.ClothingTest.clickUrbanPlanetLinkTest(ClothingTest.java:46)
	at com.qa.walmart.Tests.ClothingTest.clickUrbanPlanetLinkTest(ClothingTest.java:46)
	at com.qa.walmart.Tests.ClothingTest.clickUrbanPlanetLinkTest(ClothingTest.java:46)
	at com.qa.walmart.Tests.ClothingTest.clickUrbanPlanetLinkTest(ClothingTest.java:46)
	at com.qa.walmart.Tests.ClothingTest.clickUrbanPlanetLinkTest(ClothingTest.java:46)
	at com.qa.walmart.Tests.ClothingTest.clickUrbanPlanetLinkTest(ClothingTest.java:46)
	at com.qa.walmart.Tests.ClothingTest.clickUrbanPlanetLinkTest(ClothingTest.java:46)
	at com.qa.walmart.Tests.ClothingTest.clickUrbanPlanetLinkTest(ClothingTest.java:46)
	at com.qa.walmart.Tests.ClothingTest.clickUrbanPlanetLinkTest(ClothingTest.java:46)
	at com.qa.walmart.Tests.ClothingTest.clickUrbanPlanetLinkTest(ClothingTest.java:46)
	at com.qa.walmart.Tests.ClothingTest.clickUrbanPlanetLinkTest(ClothingTest.java:46)
	at com.qa.walmart.Tests.ClothingTest.clickUrbanPlanetLinkTest(ClothingTest.java:46)
	at com.qa.walmart.Tests.ClothingTest.clickUrbanPlanetLinkTest(ClothingTest.java:46)
	at com.qa.walmart.Tests.ClothingTest.clickUrbanPlanetLinkTest(ClothingTest.java:46)
	at com.qa.walmart.Tests.ClothingTest.clickUrbanPlanetLinkTest(ClothingTest.java:46)
	at com.qa.walmart.Tests.ClothingTest.clickUrbanPlanetLinkTest(ClothingTest.java:46)
	at com.qa.walmart.Tests.ClothingTest.clickUrbanPlanetLinkTest(ClothingTest.java:46)
	at com.qa.walmart.Tests.ClothingTest.clickUrbanPlanetLinkTest(ClothingTest.java:46)
	at com.qa.walmart.Tests.ClothingTest.clickUrbanPlanetLinkTest(ClothingTest.java:46)
	at com.qa.walmart.Tests.ClothingTest.clickUrbanPlanetLinkTest(ClothingTest.java:46)
	at com.qa.walmart.Tests.ClothingTest.clickUrbanPlanetLinkTest(ClothingTest.java:46)
	at com.qa.walmart.Tests.ClothingTest.clickUrbanPlanetLinkTest(ClothingTest.java:46)
	at com.qa.walmart.Tests.ClothingTest.clickUrbanPlanetLinkTest(ClothingTest.java:46)
	at com.qa.walmart.Tests.ClothingTest.clickUrbanPlanetLinkTest(ClothingTest.java:46)
	at com.qa.walmart.Tests.ClothingTest.clickUrbanPlanetLinkTest(ClothingTest.java:46)
	at com.qa.walmart.Tests.ClothingTest.clickUrbanPlanetLinkTest(ClothingTest.java:46)
	at com.qa.walmart.Tests.ClothingTest.clickUrbanPlanetLinkTest(ClothingTest.java:46)
	at com.qa.walmart.Tests.ClothingTest.clickUrbanPlanetLinkTest(ClothingTest.java:46)
	at com.qa.walmart.Tests.ClothingTest.clickUrbanPlanetLinkTest(ClothingTest.java:46)
	at com.qa.walmart.Tests.ClothingTest.clickUrbanPlanetLinkTest(ClothingTest.java:46)
	at com.qa.walmart.Tests.ClothingTest.clickUrbanPlanetLinkTest(ClothingTest.java:46)
	at com.qa.walmart.Tests.ClothingTest.clickUrbanPlanetLinkTest(ClothingTest.java:46)
	at com.qa.walmart.Tests.ClothingTest.clickUrbanPlanetLinkTest(ClothingTest.java:46)
	at com.qa.walmart.Tests.ClothingTest.clickUrbanPlanetLinkTest(ClothingTest.java:46)
	at com.qa.walmart.Tests.ClothingTest.clickUrbanPlanetLinkTest(ClothingTest.java:46)
	at com.qa.walmart.Tests.ClothingTest.clickUrbanPlanetLinkTest(ClothingTest.java:46)
	at com.qa.walmart.Tests.ClothingTest.clickUrbanPlanetLinkTest(ClothingTest.java:46)
	at com.qa.walmart.Tests.ClothingTest.clickUrbanPlanetLinkTest(ClothingTest.java:46)
	at com.qa.walmart.Tests.ClothingTest.clickUrbanPlanetLinkTest(ClothingTest.java:46)
	at com.qa.walmart.Tests.ClothingTest.clickUrbanPlanetLinkTest(ClothingTest.java:46)
	at com.qa.walmart.Tests.ClothingTest.clickUrbanPlanetLinkTest(ClothingTest.java:46)
	at com.qa.walmart.Tests.ClothingTest.clickUrbanPlanetLinkTest(ClothingTest.java:46)
	at com.qa.walmart.Tests.ClothingTest.clickUrbanPlanetLinkTest(ClothingTest.java:46)
	at com.qa.walmart.Tests.ClothingTest.clickUrbanPlanetLinkTest(ClothingTest.java:46)
	at com.qa.walmart.Tests.ClothingTest.clickUrbanPlanetLinkTest(ClothingTest.java:46)
	at com.qa.walmart.Tests.ClothingTest.clickUrbanPlanetLinkTest(ClothingTest.java:46)
	at com.qa.walmart.Tests.ClothingTest.clickUrbanPlanetLinkTest(ClothingTest.java:46)
	at com.qa.walmart.Tests.ClothingTest.clickUrbanPlanetLinkTest(ClothingTest.java:46)
	at com.qa.walmart.Tests.ClothingTest.clickUrbanPlanetLinkTest(ClothingTest.java:46)
	at com.qa.walmart.Tests.ClothingTest.clickUrbanPlanetLinkTest(ClothingTest.java:46)
	at com.qa.walmart.Tests.ClothingTest.clickUrbanPlanetLinkTest(ClothingTest.java:46)
	at com.qa.walmart.Tests.ClothingTest.clickUrbanPlanetLinkTest(ClothingTest.java:46)
	at com.qa.walmart.Tests.ClothingTest.clickUrbanPlanetLinkTest(ClothingTest.java:46)
	at com.qa.walmart.Tests.ClothingTest.clickUrbanPlanetLinkTest(ClothingTest.java:46)
	at com.qa.walmart.Tests.ClothingTest.clickUrbanPlanetLinkTest(ClothingTest.java:46)
	at com.qa.walmart.Tests.ClothingTest.clickUrbanPlanetLinkTest(ClothingTest.java:46)
	at com.qa.walmart.Tests.ClothingTest.clickUrbanPlanetLinkTest(ClothingTest.java:46)
	at com.qa.walmart.Tests.ClothingTest.clickUrbanPlanetLinkTest(ClothingTest.java:46)
	at com.qa.walmart.Tests.ClothingTest.clickUrbanPlanetLinkTest(ClothingTest.java:46)
	at com.qa.walmart.Tests.ClothingTest.clickUrbanPlanetLinkTest(ClothingTest.java:46)
	at com.qa.walmart.Tests.ClothingTest.clickUrbanPlanetLinkTest(ClothingTest.java:46)
	at com.qa.walmart.Tests.ClothingTest.clickUrbanPlanetLinkTest(ClothingTest.java:46)
	at com.qa.walmart.Tests.ClothingTest.clickUrbanPlanetLinkTest(ClothingTest.java:46)
	at com.qa.walmart.Tests.ClothingTest.clickUrbanPlanetLinkTest(ClothingTest.java:46)
	at com.qa.walmart.Tests.ClothingTest.clickUrbanPlanetLinkTest(ClothingTest.java:46)
	at com.qa.walmart.Tests.ClothingTest.clickUrbanPlanetLinkTest(ClothingTest.java:46)
	at com.qa.walmart.Tests.ClothingTest.clickUrbanPlanetLinkTest(ClothingTest.java:46)
	at com.qa.walmart.Tests.ClothingTest.clickUrbanPlanetLinkTest(ClothingTest.java:46)
	at com.qa.walmart.Tests.ClothingTest.clickUrbanPlanetLinkTest(ClothingTest.java:46)
	at com.qa.walmart.Tests.ClothingTest.clickUrbanPlanetLinkTest(ClothingTest.java:46)
	at com.qa.walmart.Tests.ClothingTest.clickUrbanPlanetLinkTest(ClothingTest.java:46)
	at com.qa.walmart.Tests.ClothingTest.clickUrbanPlanetLinkTest(ClothingTest.java:46)
	at com.qa.walmart.Tests.ClothingTest.clickUrbanPlanetLinkTest(ClothingTest.java:46)
	at com.qa.walmart.Tests.ClothingTest.clickUrbanPlanetLinkTest(ClothingTest.java:46)
	at com.qa.walmart.Tests.ClothingTest.clickUrbanPlanetLinkTest(ClothingTest.java:46)
	at com.qa.walmart.Tests.ClothingTest.clickUrbanPlanetLinkTest(ClothingTest.java:46)
	at com.qa.walmart.Tests.ClothingTest.clickUrbanPlanetLinkTest(ClothingTest.java:46)
	at com.qa.walmart.Tests.ClothingTest.clickUrbanPlanetLinkTest(ClothingTest.java:46)
	at com.qa.walmart.Tests.ClothingTest.clickUrbanPlanetLinkTest(ClothingTest.java:46)
	at com.qa.walmart.Tests.ClothingTest.clickUrbanPlanetLinkTest(ClothingTest.java:46)
	at com.qa.walmart.Tests.ClothingTest.clickUrbanPlanetLinkTest(ClothingTest.java:46)
	at com.qa.walmart.Tests.ClothingTest.clickUrbanPlanetLinkTest(ClothingTest.java:46)
	at com.qa.walmart.Tests.ClothingTest.clickUrbanPlanetLinkTest(ClothingTest.java:46)
	at com.qa.walmart.Tests.ClothingTest.clickUrbanPlanetLinkTest(ClothingTest.java:46)
	at com.qa.walmart.Tests.ClothingTest.clickUrbanPlanetLinkTest(ClothingTest.java:46)
	at com.qa.walmart.Tests.ClothingTest.clickUrbanPlanetLinkTest(ClothingTest.java:46)
	at com.qa.walmart.Tests.ClothingTest.clickUrbanPlanetLinkTest(ClothingTest.java:46)
	at com.qa.walmart.Tests.ClothingTest.clickUrbanPlanetLinkTest(ClothingTest.java:46)
	at com.qa.walmart.Tests.ClothingTest.clickUrbanPlanetLinkTest(ClothingTest.java:46)
	at com.qa.walmart.Tests.ClothingTest.clickUrbanPlanetLinkTest(ClothingTest.java:46)
	at com.qa.walmart.Tests.ClothingTest.clickUrbanPlanetLinkTest(ClothingTest.java:46)
	at com.qa.walmart.Tests.ClothingTest.clickUrbanPlanetLinkTest(ClothingTest.java:46)
	at com.qa.walmart.Tests.ClothingTest.clickUrbanPlanetLinkTest(ClothingTest.java:46)
	at com.qa.walmart.Tests.ClothingTest.clickUrbanPlanetLinkTest(ClothingTest.java:46)
	at com.qa.walmart.Tests.ClothingTest.clickUrbanPlanetLinkTest(ClothingTest.java:46)
	at com.qa.walmart.Tests.ClothingTest.clickUrbanPlanetLinkTest(ClothingTest.java:46)
	at com.qa.walmart.Tests.ClothingTest.clickUrbanPlanetLinkTest(ClothingTest.java:46)
	at com.qa.walmart.Tests.ClothingTest.clickUrbanPlanetLinkTest(ClothingTest.java:46)
	at com.qa.walmart.Tests.ClothingTest.clickUrbanPlanetLinkTest(ClothingTest.java:46)
	at com.qa.walmart.Tests.ClothingTest.clickUrbanPlanetLinkTest(ClothingTest.java:46)
	at com.qa.walmart.Tests.ClothingTest.clickUrbanPlanetLinkTest(ClothingTest.java:46)
	at com.qa.walmart.Tests.ClothingTest.clickUrbanPlanetLinkTest(ClothingTest.java:46)
	at com.qa.walmart.Tests.ClothingTest.clickUrbanPlanetLinkTest(ClothingTest.java:46)
	at com.qa.walmart.Tests.ClothingTest.clickUrbanPlanetLinkTest(ClothingTest.java:46)
	at com.qa.walmart.Tests.ClothingTest.clickUrbanPlanetLinkTest(ClothingTest.java:46)
	at com.qa.walmart.Tests.ClothingTest.clickUrbanPlanetLinkTest(ClothingTest.java:46)
	at com.qa.walmart.Tests.ClothingTest.clickUrbanPlanetLinkTest(ClothingTest.java:46)
	at com.qa.walmart.Tests.ClothingTest.clickUrbanPlanetLinkTest(ClothingTest.java:46)
	at com.qa.walmart.Tests.ClothingTest.clickUrbanPlanetLinkTest(ClothingTest.java:46)
	at com.qa.walmart.Tests.ClothingTest.clickUrbanPlanetLinkTest(ClothingTest.java:46)
	at com.qa.walmart.Tests.ClothingTest.clickUrbanPlanetLinkTest(ClothingTest.java:46)
	at com.qa.walmart.Tests.ClothingTest.clickUrbanPlanetLinkTest(ClothingTest.java:46)
	at com.qa.walmart.Tests.ClothingTest.clickUrbanPlanetLinkTest(ClothingTest.java:46)
	at com.qa.walmart.Tests.ClothingTest.clickUrbanPlanetLinkTest(ClothingTest.java:46)
	at com.qa.walmart.Tests.ClothingTest.clickUrbanPlanetLinkTest(ClothingTest.java:46)
	at com.qa.walmart.Tests.ClothingTest.clickUrbanPlanetLinkTest(ClothingTest.java:46)
	at com.qa.walmart.Tests.ClothingTest.clickUrbanPlanetLinkTest(ClothingTest.java:46)
	at com.qa.walmart.Tests.ClothingTest.clickUrbanPlanetLinkTest(ClothingTest.java:46)
	at com.qa.walmart.Tests.ClothingTest.clickUrbanPlanetLinkTest(ClothingTest.java:46)
	at com.qa.walmart.Tests.ClothingTest.clickUrbanPlanetLinkTest(ClothingTest.java:46)
	at com.qa.walmart.Tests.ClothingTest.clickUrbanPlanetLinkTest(ClothingTest.java:46)
	at com.qa.walmart.Tests.ClothingTest.clickUrbanPlanetLinkTest(ClothingTest.java:46)
	at com.qa.walmart.Tests.ClothingTest.clickUrbanPlanetLinkTest(ClothingTest.java:46)
	at com.qa.walmart.Tests.ClothingTest.clickUrbanPlanetLinkTest(ClothingTest.java:46)
	at com.qa.walmart.Tests.ClothingTest.clickUrbanPlanetLinkTest(ClothingTest.java:46)
	at com.qa.walmart.Tests.ClothingTest.clickUrbanPlanetLinkTest(ClothingTest.java:46)
	at com.qa.walmart.Tests.ClothingTest.clickUrbanPlanetLinkTest(ClothingTest.java:46)
	at com.qa.walmart.Tests.ClothingTest.clickUrbanPlanetLinkTest(ClothingTest.java:46)
	at com.qa.walmart.Tests.ClothingTest.clickUrbanPlanetLinkTest(ClothingTest.java:46)
	at com.qa.walmart.Tests.ClothingTest.clickUrbanPlanetLinkTest(ClothingTest.java:46)
	at com.qa.walmart.Tests.ClothingTest.clickUrbanPlanetLinkTest(ClothingTest.java:46)
	at com.qa.walmart.Tests.ClothingTest.clickUrbanPlanetLinkTest(ClothingTest.java:46)
	at com.qa.walmart.Tests.ClothingTest.clickUrbanPlanetLinkTest(ClothingTest.java:46)
	at com.qa.walmart.Tests.ClothingTest.clickUrbanPlanetLinkTest(ClothingTest.java:46)
	at com.qa.walmart.Tests.ClothingTest.clickUrbanPlanetLinkTest(ClothingTest.java:46)
	at com.qa.walmart.Tests.ClothingTest.clickUrbanPlanetLinkTest(ClothingTest.java:46)
	at com.qa.walmart.Tests.ClothingTest.clickUrbanPlanetLinkTest(ClothingTest.java:46)
	at com.qa.walmart.Tests.ClothingTest.clickUrbanPlanetLinkTest(ClothingTest.java:46)
	at com.qa.walmart.Tests.ClothingTest.clickUrbanPlanetLinkTest(ClothingTest.java:46)
	at com.qa.walmart.Tests.ClothingTest.clickUrbanPlanetLinkTest(ClothingTest.java:46)
	at com.qa.walmart.Tests.ClothingTest.clickUrbanPlanetLinkTest(ClothingTest.java:46)
	at com.qa.walmart.Tests.ClothingTest.clickUrbanPlanetLinkTest(ClothingTest.java:46)
	at com.qa.walmart.Tests.ClothingTest.clickUrbanPlanetLinkTest(ClothingTest.java:46)
	at com.qa.walmart.Tests.ClothingTest.clickUrbanPlanetLinkTest(ClothingTest.java:46)
	at com.qa.walmart.Tests.ClothingTest.clickUrbanPlanetLinkTest(ClothingTest.java:46)
	at com.qa.walmart.Tests.ClothingTest.clickUrbanPlanetLinkTest(ClothingTest.java:46)
	at com.qa.walmart.Tests.ClothingTest.clickUrbanPlanetLinkTest(ClothingTest.java:46)
	at com.qa.walmart.Tests.ClothingTest.clickUrbanPlanetLinkTest(ClothingTest.java:46)
	at com.qa.walmart.Tests.ClothingTest.clickUrbanPlanetLinkTest(ClothingTest.java:46)
	at com.qa.walmart.Tests.ClothingTest.clickUrbanPlanetLinkTest(ClothingTest.java:46)
	at com.qa.walmart.Tests.ClothingTest.clickUrbanPlanetLinkTest(ClothingTest.java:46)
	at com.qa.walmart.Tests.ClothingTest.clickUrbanPlanetLinkTest(ClothingTest.java:46)
	at com.qa.walmart.Tests.ClothingTest.clickUrbanPlanetLinkTest(ClothingTest.java:46)
	at com.qa.walmart.Tests.ClothingTest.clickUrbanPlanetLinkTest(ClothingTest.java:46)
	at com.qa.walmart.Tests.ClothingTest.clickUrbanPlanetLinkTest(ClothingTest.java:46)
	at com.qa.walmart.Tests.ClothingTest.clickUrbanPlanetLinkTest(ClothingTest.java:46)
	at com.qa.walmart.Tests.ClothingTest.clickUrbanPlanetLinkTest(ClothingTest.java:46)
	at com.qa.walmart.Tests.ClothingTest.clickUrbanPlanetLinkTest(ClothingTest.java:46)
	at com.qa.walmart.Tests.ClothingTest.clickUrbanPlanetLinkTest(ClothingTest.java:46)
	at com.qa.walmart.Tests.ClothingTest.clickUrbanPlanetLinkTest(ClothingTest.java:46)
	at com.qa.walmart.Tests.ClothingTest.clickUrbanPlanetLinkTest(ClothingTest.java:46)
	at com.qa.walmart.Tests.ClothingTest.clickUrbanPlanetLinkTest(ClothingTest.java:46)
	at com.qa.walmart.Tests.ClothingTest.clickUrbanPlanetLinkTest(ClothingTest.java:46)
	at com.qa.walmart.Tests.ClothingTest.clickUrbanPlanetLinkTest(ClothingTest.java:46)
	at com.qa.walmart.Tests.ClothingTest.clickUrbanPlanetLinkTest(ClothingTest.java:46)
	at com.qa.walmart.Tests.ClothingTest.clickUrbanPlanetLinkTest(ClothingTest.java:46)
	at com.qa.walmart.Tests.ClothingTest.clickUrbanPlanetLinkTest(ClothingTest.java:46)
	at com.qa.walmart.Tests.ClothingTest.clickUrbanPlanetLinkTest(ClothingTest.java:46)
	at com.qa.walmart.Tests.ClothingTest.clickUrbanPlanetLinkTest(ClothingTest.java:46)
	at com.qa.walmart.Tests.ClothingTest.clickUrbanPlanetLinkTest(ClothingTest.java:46)
	at com.qa.walmart.Tests.ClothingTest.clickUrbanPlanetLinkTest(ClothingTest.java:46)
	at com.qa.walmart.Tests.ClothingTest.clickUrbanPlanetLinkTest(ClothingTest.java:46)
	at com.qa.walmart.Tests.ClothingTest.clickUrbanPlanetLinkTest(ClothingTest.java:46)
	at com.qa.walmart.Tests.ClothingTest.clickUrbanPlanetLinkTest(ClothingTest.java:46)
	at com.qa.walmart.Tests.ClothingTest.clickUrbanPlanetLinkTest(ClothingTest.java:46)
	at com.qa.walmart.Tests.ClothingTest.clickUrbanPlanetLinkTest(ClothingTest.java:46)
	at com.qa.walmart.Tests.ClothingTest.clickUrbanPlanetLinkTest(ClothingTest.java:46)
	at com.qa.walmart.Tests.ClothingTest.clickUrbanPlanetLinkTest(ClothingTest.java:46)
	at com.qa.walmart.Tests.ClothingTest.clickUrbanPlanetLinkTest(ClothingTest.java:46)
	at com.qa.walmart.Tests.ClothingTest.clickUrbanPlanetLinkTest(ClothingTest.java:46)
	at com.qa.walmart.Tests.ClothingTest.clickUrbanPlanetLinkTest(ClothingTest.java:46)
	at com.qa.walmart.Tests.ClothingTest.clickUrbanPlanetLinkTest(ClothingTest.java:46)
	at com.qa.walmart.Tests.ClothingTest.clickUrbanPlanetLinkTest(ClothingTest.java:46)
	at com.qa.walmart.Tests.ClothingTest.clickUrbanPlanetLinkTest(ClothingTest.java:46)
	at com.qa.walmart.Tests.ClothingTest.clickUrbanPlanetLinkTest(ClothingTest.java:46)
	at com.qa.walmart.Tests.ClothingTest.clickUrbanPlanetLinkTest(ClothingTest.java:46)
	at com.qa.walmart.Tests.ClothingTest.clickUrbanPlanetLinkTest(ClothingTest.java:46)
	at com.qa.walmart.Tests.ClothingTest.clickUrbanPlanetLinkTest(ClothingTest.java:46)
	at com.qa.walmart.Tests.ClothingTest.clickUrbanPlanetLinkTest(ClothingTest.java:46)
	at com.qa.walmart.Tests.ClothingTest.clickUrbanPlanetLinkTest(ClothingTest.java:46)
	at com.qa.walmart.Tests.ClothingTest.clickUrbanPlanetLinkTest(ClothingTest.java:46)
	at com.qa.walmart.Tests.ClothingTest.clickUrbanPlanetLinkTest(ClothingTest.java:46)
	at com.qa.walmart.Tests.ClothingTest.clickUrbanPlanetLinkTest(ClothingTest.java:46)
	at com.qa.walmart.Tests.ClothingTest.clickUrbanPlanetLinkTest(ClothingTest.java:46)
	at com.qa.walmart.Tests.ClothingTest.clickUrbanPlanetLinkTest(ClothingTest.java:46)
	at com.qa.walmart.Tests.ClothingTest.clickUrbanPlanetLinkTest(ClothingTest.java:46)
	at com.qa.walmart.Tests.ClothingTest.clickUrbanPlanetLinkTest(ClothingTest.java:46)
	at com.qa.walmart.Tests.ClothingTest.clickUrbanPlanetLinkTest(ClothingTest.java:46)
	at com.qa.walmart.Tests.ClothingTest.clickUrbanPlanetLinkTest(ClothingTest.java:46)
	at com.qa.walmart.Tests.ClothingTest.clickUrbanPlanetLinkTest(ClothingTest.java:46)
	at com.qa.walmart.Tests.ClothingTest.clickUrbanPlanetLinkTest(ClothingTest.java:46)
	at com.qa.walmart.Tests.ClothingTest.clickUrbanPlanetLinkTest(ClothingTest.java:46)
	at com.qa.walmart.Tests.ClothingTest.clickUrbanPlanetLinkTest(ClothingTest.java:46)
	at com.qa.walmart.Tests.ClothingTest.clickUrbanPlanetLinkTest(ClothingTest.java:46)
	at com.qa.walmart.Tests.ClothingTest.clickUrbanPlanetLinkTest(ClothingTest.java:46)
	at com.qa.walmart.Tests.ClothingTest.clickUrbanPlanetLinkTest(ClothingTest.java:46)
	at com.qa.walmart.Tests.ClothingTest.clickUrbanPlanetLinkTest(ClothingTest.java:46)
	at com.qa.walmart.Tests.ClothingTest.clickUrbanPlanetLinkTest(ClothingTest.java:46)
	at com.qa.walmart.Tests.ClothingTest.clickUrbanPlanetLinkTest(ClothingTest.java:46)
	at com.qa.walmart.Tests.ClothingTest.clickUrbanPlanetLinkTest(ClothingTest.java:46)
	at com.qa.walmart.Tests.ClothingTest.clickUrbanPlanetLinkTest(ClothingTest.java:46)
	at com.qa.walmart.Tests.ClothingTest.clickUrbanPlanetLinkTest(ClothingTest.java:46)
	at com.qa.walmart.Tests.ClothingTest.clickUrbanPlanetLinkTest(ClothingTest.java:46)
	at com.qa.walmart.Tests.ClothingTest.clickUrbanPlanetLinkTest(ClothingTest.java:46)
	at com.qa.walmart.Tests.ClothingTest.clickUrbanPlanetLinkTest(ClothingTest.java:46)
	at com.qa.walmart.Tests.ClothingTest.clickUrbanPlanetLinkTest(ClothingTest.java:46)
	at com.qa.walmart.Tests.ClothingTest.clickUrbanPlanetLinkTest(ClothingTest.java:46)
	at com.qa.walmart.Tests.ClothingTest.clickUrbanPlanetLinkTest(ClothingTest.java:46)
	at com.qa.walmart.Tests.ClothingTest.clickUrbanPlanetLinkTest(ClothingTest.java:46)
	at com.qa.walmart.Tests.ClothingTest.clickUrbanPlanetLinkTest(ClothingTest.java:46)
	at com.qa.walmart.Tests.ClothingTest.clickUrbanPlanetLinkTest(ClothingTest.java:46)
	at com.qa.walmart.Tests.ClothingTest.clickUrbanPlanetLinkTest(ClothingTest.java:46)
	at com.qa.walmart.Tests.ClothingTest.clickUrbanPlanetLinkTest(ClothingTest.java:46)
	at com.qa.walmart.Tests.ClothingTest.clickUrbanPlanetLinkTest(ClothingTest.java:46)
	at com.qa.walmart.Tests.ClothingTest.clickUrbanPlanetLinkTest(ClothingTest.java:46)
	at com.qa.walmart.Tests.ClothingTest.clickUrbanPlanetLinkTest(ClothingTest.java:46)
	at com.qa.walmart.Tests.ClothingTest.clickUrbanPlanetLinkTest(ClothingTest.java:46)
	at com.qa.walmart.Tests.ClothingTest.clickUrbanPlanetLinkTest(ClothingTest.java:46)
	at com.qa.walmart.Tests.ClothingTest.clickUrbanPlanetLinkTest(ClothingTest.java:46)
	at com.qa.walmart.Tests.ClothingTest.clickUrbanPlanetLinkTest(ClothingTest.java:46)
	at com.qa.walmart.Tests.ClothingTest.clickUrbanPlanetLinkTest(ClothingTest.java:46)
	at com.qa.walmart.Tests.ClothingTest.clickUrbanPlanetLinkTest(ClothingTest.java:46)
	at com.qa.walmart.Tests.ClothingTest.clickUrbanPlanetLinkTest(ClothingTest.java:46)
	at com.qa.walmart.Tests.ClothingTest.clickUrbanPlanetLinkTest(ClothingTest.java:46)
	at com.qa.walmart.Tests.ClothingTest.clickUrbanPlanetLinkTest(ClothingTest.java:46)
	at com.qa.walmart.Tests.ClothingTest.clickUrbanPlanetLinkTest(ClothingTest.java:46)
	at com.qa.walmart.Tests.ClothingTest.clickUrbanPlanetLinkTest(ClothingTest.java:46)
	at com.qa.walmart.Tests.ClothingTest.clickUrbanPlanetLinkTest(ClothingTest.java:46)
	at com.qa.walmart.Tests.ClothingTest.clickUrbanPlanetLinkTest(ClothingTest.java:46)
	at com.qa.walmart.Tests.ClothingTest.clickUrbanPlanetLinkTest(ClothingTest.java:46)
	at com.qa.walmart.Tests.ClothingTest.clickUrbanPlanetLinkTest(ClothingTest.java:46)
	at com.qa.walmart.Tests.ClothingTest.clickUrbanPlanetLinkTest(ClothingTest.java:46)
	at com.qa.walmart.Tests.ClothingTest.clickUrbanPlanetLinkTest(ClothingTest.java:46)
	at com.qa.walmart.Tests.ClothingTest.clickUrbanPlanetLinkTest(ClothingTest.java:46)
	at com.qa.walmart.Tests.ClothingTest.clickUrbanPlanetLinkTest(ClothingTest.java:46)
	at com.qa.walmart.Tests.ClothingTest.clickUrbanPlanetLinkTest(ClothingTest.java:46)
	at com.qa.walmart.Tests.ClothingTest.clickUrbanPlanetLinkTest(ClothingTest.java:46)
	at com.qa.walmart.Tests.ClothingTest.clickUrbanPlanetLinkTest(ClothingTest.java:46)
	at com.qa.walmart.Tests.ClothingTest.clickUrbanPlanetLinkTest(ClothingTest.java:46)
	at com.qa.walmart.Tests.ClothingTest.clickUrbanPlanetLinkTest(ClothingTest.java:46)
	at com.qa.walmart.Tests.ClothingTest.clickUrbanPlanetLinkTest(ClothingTest.java:46)
	at com.qa.walmart.Tests.ClothingTest.clickUrbanPlanetLinkTest(ClothingTest.java:46)
	at com.qa.walmart.Tests.ClothingTest.clickUrbanPlanetLinkTest(ClothingTest.java:46)
	at com.qa.walmart.Tests.ClothingTest.clickUrbanPlanetLinkTest(ClothingTest.java:46)
	at com.qa.walmart.Tests.ClothingTest.clickUrbanPlanetLinkTest(ClothingTest.java:46)
	at com.qa.walmart.Tests.ClothingTest.clickUrbanPlanetLinkTest(ClothingTest.java:46)
	at com.qa.walmart.Tests.ClothingTest.clickUrbanPlanetLinkTest(ClothingTest.java:46)
	at com.qa.walmart.Tests.ClothingTest.clickUrbanPlanetLinkTest(ClothingTest.java:46)
	at com.qa.walmart.Tests.ClothingTest.clickUrbanPlanetLinkTest(ClothingTest.java:46)
	at com.qa.walmart.Tests.ClothingTest.clickUrbanPlanetLinkTest(ClothingTest.java:46)
	at com.qa.walmart.Tests.ClothingTest.clickUrbanPlanetLinkTest(ClothingTest.java:46)
	at com.qa.walmart.Tests.ClothingTest.clickUrbanPlanetLinkTest(ClothingTest.java:46)
	at com.qa.walmart.Tests.ClothingTest.clickUrbanPlanetLinkTest(ClothingTest.java:46)
	at com.qa.walmart.Tests.ClothingTest.clickUrbanPlanetLinkTest(ClothingTest.java:46)
	at com.qa.walmart.Tests.ClothingTest.clickUrbanPlanetLinkTest(ClothingTest.java:46)
	at com.qa.walmart.Tests.ClothingTest.clickUrbanPlanetLinkTest(ClothingTest.java:46)
	at com.qa.walmart.Tests.ClothingTest.clickUrbanPlanetLinkTest(ClothingTest.java:46)
	at com.qa.walmart.Tests.ClothingTest.clickUrbanPlanetLinkTest(ClothingTest.java:46)
	at com.qa.walmart.Tests.ClothingTest.clickUrbanPlanetLinkTest(ClothingTest.java:46)
	at com.qa.walmart.Tests.ClothingTest.clickUrbanPlanetLinkTest(ClothingTest.java:46)
	at com.qa.walmart.Tests.ClothingTest.clickUrbanPlanetLinkTest(ClothingTest.java:46)
	at com.qa.walmart.Tests.ClothingTest.clickUrbanPlanetLinkTest(ClothingTest.java:46)
	at com.qa.walmart.Tests.ClothingTest.clickUrbanPlanetLinkTest(ClothingTest.java:46)
	at com.qa.walmart.Tests.ClothingTest.clickUrbanPlanetLinkTest(ClothingTest.java:46)
	at com.qa.walmart.Tests.ClothingTest.clickUrbanPlanetLinkTest(ClothingTest.java:46)
	at com.qa.walmart.Tests.ClothingTest.clickUrbanPlanetLinkTest(ClothingTest.java:46)
	at com.qa.walmart.Tests.ClothingTest.clickUrbanPlanetLinkTest(ClothingTest.java:46)
	at com.qa.walmart.Tests.ClothingTest.clickUrbanPlanetLinkTest(ClothingTest.java:46)
	at com.qa.walmart.Tests.ClothingTest.clickUrbanPlanetLinkTest(ClothingTest.java:46)
	at com.qa.walmart.Tests.ClothingTest.clickUrbanPlanetLinkTest(ClothingTest.java:46)
	at com.qa.walmart.Tests.ClothingTest.clickUrbanPlanetLinkTest(ClothingTest.java:46)
	at com.qa.walmart.Tests.ClothingTest.clickUrbanPlanetLinkTest(ClothingTest.java:46)
	at com.qa.walmart.Tests.ClothingTest.clickUrbanPlanetLinkTest(ClothingTest.java:46)
	at com.qa.walmart.Tests.ClothingTest.clickUrbanPlanetLinkTest(ClothingTest.java:46)
	at com.qa.walmart.Tests.ClothingTest.clickUrbanPlanetLinkTest(ClothingTest.java:46)
	at com.qa.walmart.Tests.ClothingTest.clickUrbanPlanetLinkTest(ClothingTest.java:46)
	at com.qa.walmart.Tests.ClothingTest.clickUrbanPlanetLinkTest(ClothingTest.java:46)
	at com.qa.walmart.Tests.ClothingTest.clickUrbanPlanetLinkTest(ClothingTest.java:46)
	at com.qa.walmart.Tests.ClothingTest.clickUrbanPlanetLinkTest(ClothingTest.java:46)
	at com.qa.walmart.Tests.ClothingTest.clickUrbanPlanetLinkTest(ClothingTest.java:46)
	at com.qa.walmart.Tests.ClothingTest.clickUrbanPlanetLinkTest(ClothingTest.java:46)
	at com.qa.walmart.Tests.ClothingTest.clickUrbanPlanetLinkTest(ClothingTest.java:46)
	at com.qa.walmart.Tests.ClothingTest.clickUrbanPlanetLinkTest(ClothingTest.java:46)
	at com.qa.walmart.Tests.ClothingTest.clickUrbanPlanetLinkTest(ClothingTest.java:46)
	at com.qa.walmart.Tests.ClothingTest.clickUrbanPlanetLinkTest(ClothingTest.java:46)
	at com.qa.walmart.Tests.ClothingTest.clickUrbanPlanetLinkTest(ClothingTest.java:46)
	at com.qa.walmart.Tests.ClothingTest.clickUrbanPlanetLinkTest(ClothingTest.java:46)
	at com.qa.walmart.Tests.ClothingTest.clickUrbanPlanetLinkTest(ClothingTest.java:46)
	at com.qa.walmart.Tests.ClothingTest.clickUrbanPlanetLinkTest(ClothingTest.java:46)
	at com.qa.walmart.Tests.ClothingTest.clickUrbanPlanetLinkTest(ClothingTest.java:46)
	at com.qa.walmart.Tests.ClothingTest.clickUrbanPlanetLinkTest(ClothingTest.java:46)
	at com.qa.walmart.Tests.ClothingTest.clickUrbanPlanetLinkTest(ClothingTest.java:46)
	at com.qa.walmart.Tests.ClothingTest.clickUrbanPlanetLinkTest(ClothingTest.java:46)
	at com.qa.walmart.Tests.ClothingTest.clickUrbanPlanetLinkTest(ClothingTest.java:46)
	at com.qa.walmart.Tests.ClothingTest.clickUrbanPlanetLinkTest(ClothingTest.java:46)
	at com.qa.walmart.Tests.ClothingTest.clickUrbanPlanetLinkTest(ClothingTest.java:46)
	at com.qa.walmart.Tests.ClothingTest.clickUrbanPlanetLinkTest(ClothingTest.java:46)
	at com.qa.walmart.Tests.ClothingTest.clickUrbanPlanetLinkTest(ClothingTest.java:46)
	at com.qa.walmart.Tests.ClothingTest.clickUrbanPlanetLinkTest(ClothingTest.java:46)
	at com.qa.walmart.Tests.ClothingTest.clickUrbanPlanetLinkTest(ClothingTest.java:46)
	at com.qa.walmart.Tests.ClothingTest.clickUrbanPlanetLinkTest(ClothingTest.java:46)
	at com.qa.walmart.Tests.ClothingTest.clickUrbanPlanetLinkTest(ClothingTest.java:46)
	at com.qa.walmart.Tests.ClothingTest.clickUrbanPlanetLinkTest(ClothingTest.java:46)
	at com.qa.walmart.Tests.ClothingTest.clickUrbanPlanetLinkTest(ClothingTest.java:46)
	at com.qa.walmart.Tests.ClothingTest.clickUrbanPlanetLinkTest(ClothingTest.java:46)
	at com.qa.walmart.Tests.ClothingTest.clickUrbanPlanetLinkTest(ClothingTest.java:46)
	at com.qa.walmart.Tests.ClothingTest.clickUrbanPlanetLinkTest(ClothingTest.java:46)
	at com.qa.walmart.Tests.ClothingTest.clickUrbanPlanetLinkTest(ClothingTest.java:46)
	at com.qa.walmart.Tests.ClothingTest.clickUrbanPlanetLinkTest(ClothingTest.java:46)
	at com.qa.walmart.Tests.ClothingTest.clickUrbanPlanetLinkTest(ClothingTest.java:46)
	at com.qa.walmart.Tests.ClothingTest.clickUrbanPlanetLinkTest(ClothingTest.java:46)
	at com.qa.walmart.Tests.ClothingTest.clickUrbanPlanetLinkTest(ClothingTest.java:46)
	at com.qa.walmart.Tests.ClothingTest.clickUrbanPlanetLinkTest(ClothingTest.java:46)
	at com.qa.walmart.Tests.ClothingTest.clickUrbanPlanetLinkTest(ClothingTest.java:46)
	at com.qa.walmart.Tests.ClothingTest.clickUrbanPlanetLinkTest(ClothingTest.java:46)
	at com.qa.walmart.Tests.ClothingTest.clickUrbanPlanetLinkTest(ClothingTest.java:46)
	at com.qa.walmart.Tests.ClothingTest.clickUrbanPlanetLinkTest(ClothingTest.java:46)
	at com.qa.walmart.Tests.ClothingTest.clickUrbanPlanetLinkTest(ClothingTest.java:46)
	at com.qa.walmart.Tests.ClothingTest.clickUrbanPlanetLinkTest(ClothingTest.java:46)
	at com.qa.walmart.Tests.ClothingTest.clickUrbanPlanetLinkTest(ClothingTest.java:46)
	at com.qa.walmart.Tests.ClothingTest.clickUrbanPlanetLinkTest(ClothingTest.java:46)
	at com.qa.walmart.Tests.ClothingTest.clickUrbanPlanetLinkTest(ClothingTest.java:46)
	at com.qa.walmart.Tests.ClothingTest.clickUrbanPlanetLinkTest(ClothingTest.java:46)
	at com.qa.walmart.Tests.ClothingTest.clickUrbanPlanetLinkTest(ClothingTest.java:46)
	at com.qa.walmart.Tests.ClothingTest.clickUrbanPlanetLinkTest(ClothingTest.java:46)
	at com.qa.walmart.Tests.ClothingTest.clickUrbanPlanetLinkTest(ClothingTest.java:46)
	at com.qa.walmart.Tests.ClothingTest.clickUrbanPlanetLinkTest(ClothingTest.java:46)
	at com.qa.walmart.Tests.ClothingTest.clickUrbanPlanetLinkTest(ClothingTest.java:46)
	at com.qa.walmart.Tests.ClothingTest.clickUrbanPlanetLinkTest(ClothingTest.java:46)
	at com.qa.walmart.Tests.ClothingTest.clickUrbanPlanetLinkTest(ClothingTest.java:46)
	at com.qa.walmart.Tests.ClothingTest.clickUrbanPlanetLinkTest(ClothingTest.java:46)
	at com.qa.walmart.Tests.ClothingTest.clickUrbanPlanetLinkTest(ClothingTest.java:46)
	at com.qa.walmart.Tests.ClothingTest.clickUrbanPlanetLinkTest(ClothingTest.java:46)
	at com.qa.walmart.Tests.ClothingTest.clickUrbanPlanetLinkTest(ClothingTest.java:46)
	at com.qa.walmart.Tests.ClothingTest.clickUrbanPlanetLinkTest(ClothingTest.java:46)
	at com.qa.walmart.Tests.ClothingTest.clickUrbanPlanetLinkTest(ClothingTest.java:46)
	at com.qa.walmart.Tests.ClothingTest.clickUrbanPlanetLinkTest(ClothingTest.java:46)
	at com.qa.walmart.Tests.ClothingTest.clickUrbanPlanetLinkTest(ClothingTest.java:46)
	at com.qa.walmart.Tests.ClothingTest.clickUrbanPlanetLinkTest(ClothingTest.java:46)
	at com.qa.walmart.Tests.ClothingTest.clickUrbanPlanetLinkTest(ClothingTest.java:46)
	at com.qa.walmart.Tests.ClothingTest.clickUrbanPlanetLinkTest(ClothingTest.java:46)
	at com.qa.walmart.Tests.ClothingTest.clickUrbanPlanetLinkTest(ClothingTest.java:46)
	at com.qa.walmart.Tests.ClothingTest.clickUrbanPlanetLinkTest(ClothingTest.java:46)
	at com.qa.walmart.Tests.ClothingTest.clickUrbanPlanetLinkTest(ClothingTest.java:46)
	at com.qa.walmart.Tests.ClothingTest.clickUrbanPlanetLinkTest(ClothingTest.java:46)
	at com.qa.walmart.Tests.ClothingTest.clickUrbanPlanetLinkTest(ClothingTest.java:46)
	at com.qa.walmart.Tests.ClothingTest.clickUrbanPlanetLinkTest(ClothingTest.java:46)
	at com.qa.walmart.Tests.ClothingTest.clickUrbanPlanetLinkTest(ClothingTest.java:46)
	at com.qa.walmart.Tests.ClothingTest.clickUrbanPlanetLinkTest(ClothingTest.java:46)
	at com.qa.walmart.Tests.ClothingTest.clickUrbanPlanetLinkTest(ClothingTest.java:46)
	at com.qa.walmart.Tests.ClothingTest.clickUrbanPlanetLinkTest(ClothingTest.java:46)
	at com.qa.walmart.Tests.ClothingTest.clickUrbanPlanetLinkTest(ClothingTest.java:46)
	at com.qa.walmart.Tests.ClothingTest.clickUrbanPlanetLinkTest(ClothingTest.java:46)
	at com.qa.walmart.Tests.ClothingTest.clickUrbanPlanetLinkTest(ClothingTest.java:46)
	at com.qa.walmart.Tests.ClothingTest.clickUrbanPlanetLinkTest(ClothingTest.java:46)
	at com.qa.walmart.Tests.ClothingTest.clickUrbanPlanetLinkTest(ClothingTest.java:46)
	at com.qa.walmart.Tests.ClothingTest.clickUrbanPlanetLinkTest(ClothingTest.java:46)
	at com.qa.walmart.Tests.ClothingTest.clickUrbanPlanetLinkTest(ClothingTest.java:46)
	at com.qa.walmart.Tests.ClothingTest.clickUrbanPlanetLinkTest(ClothingTest.java:46)
	at com.qa.walmart.Tests.ClothingTest.clickUrbanPlanetLinkTest(ClothingTest.java:46)
	at com.qa.walmart.Tests.ClothingTest.clickUrbanPlanetLinkTest(ClothingTest.java:46)
	at com.qa.walmart.Tests.ClothingTest.clickUrbanPlanetLinkTest(ClothingTest.java:46)
	at com.qa.walmart.Tests.ClothingTest.clickUrbanPlanetLinkTest(ClothingTest.java:46)
	at com.qa.walmart.Tests.ClothingTest.clickUrbanPlanetLinkTest(ClothingTest.java:46)
	at com.qa.walmart.Tests.ClothingTest.clickUrbanPlanetLinkTest(ClothingTest.java:46)
	at com.qa.walmart.Tests.ClothingTest.clickUrbanPlanetLinkTest(ClothingTest.java:46)
	at com.qa.walmart.Tests.ClothingTest.clickUrbanPlanetLinkTest(ClothingTest.java:46)
	at com.qa.walmart.Tests.ClothingTest.clickUrbanPlanetLinkTest(ClothingTest.java:46)
	at com.qa.walmart.Tests.ClothingTest.clickUrbanPlanetLinkTest(ClothingTest.java:46)
	at com.qa.walmart.Tests.ClothingTest.clickUrbanPlanetLinkTest(ClothingTest.java:46)
	at com.qa.walmart.Tests.ClothingTest.clickUrbanPlanetLinkTest(ClothingTest.java:46)
	at com.qa.walmart.Tests.ClothingTest.clickUrbanPlanetLinkTest(ClothingTest.java:46)
	at com.qa.walmart.Tests.ClothingTest.clickUrbanPlanetLinkTest(ClothingTest.java:46)
	at com.qa.walmart.Tests.ClothingTest.clickUrbanPlanetLinkTest(ClothingTest.java:46)
	at com.qa.walmart.Tests.ClothingTest.clickUrbanPlanetLinkTest(ClothingTest.java:46)
	at com.qa.walmart.Tests.ClothingTest.clickUrbanPlanetLinkTest(ClothingTest.java:46)
	at com.qa.walmart.Tests.ClothingTest.clickUrbanPlanetLinkTest(ClothingTest.java:46)
	at com.qa.walmart.Tests.ClothingTest.clickUrbanPlanetLinkTest(ClothingTest.java:46)
	at com.qa.walmart.Tests.ClothingTest.clickUrbanPlanetLinkTest(ClothingTest.java:46)
	at com.qa.walmart.Tests.ClothingTest.clickUrbanPlanetLinkTest(ClothingTest.java:46)
	at com.qa.walmart.Tests.ClothingTest.clickUrbanPlanetLinkTest(ClothingTest.java:46)
	at com.qa.walmart.Tests.ClothingTest.clickUrbanPlanetLinkTest(ClothingTest.java:46)
	at com.qa.walmart.Tests.ClothingTest.clickUrbanPlanetLinkTest(ClothingTest.java:46)
	at com.qa.walmart.Tests.ClothingTest.clickUrbanPlanetLinkTest(ClothingTest.java:46)
	at com.qa.walmart.Tests.ClothingTest.clickUrbanPlanetLinkTest(ClothingTest.java:46)
	at com.qa.walmart.Tests.ClothingTest.clickUrbanPlanetLinkTest(ClothingTest.java:46)
	at com.qa.walmart.Tests.ClothingTest.clickUrbanPlanetLinkTest(ClothingTest.java:46)
	at com.qa.walmart.Tests.ClothingTest.clickUrbanPlanetLinkTest(ClothingTest.java:46)
	at com.qa.walmart.Tests.ClothingTest.clickUrbanPlanetLinkTest(ClothingTest.java:46)
	at com.qa.walmart.Tests.ClothingTest.clickUrbanPlanetLinkTest(ClothingTest.java:46)
	at com.qa.walmart.Tests.ClothingTest.clickUrbanPlanetLinkTest(ClothingTest.java:46)
	at com.qa.walmart.Tests.ClothingTest.clickUrbanPlanetLinkTest(ClothingTest.java:46)
	at com.qa.walmart.Tests.ClothingTest.clickUrbanPlanetLinkTest(ClothingTest.java:46)
	at com.qa.walmart.Tests.ClothingTest.clickUrbanPlanetLinkTest(ClothingTest.java:46)
	at com.qa.walmart.Tests.ClothingTest.clickUrbanPlanetLinkTest(ClothingTest.java:46)
	at com.qa.walmart.Tests.ClothingTest.clickUrbanPlanetLinkTest(ClothingTest.java:46)
	at com.qa.walmart.Tests.ClothingTest.clickUrbanPlanetLinkTest(ClothingTest.java:46)
	at com.qa.walmart.Tests.ClothingTest.clickUrbanPlanetLinkTest(ClothingTest.java:46)
	at com.qa.walmart.Tests.ClothingTest.clickUrbanPlanetLinkTest(ClothingTest.java:46)
	at com.qa.walmart.Tests.ClothingTest.clickUrbanPlanetLinkTest(ClothingTest.java:46)
	at com.qa.walmart.Tests.ClothingTest.clickUrbanPlanetLinkTest(ClothingTest.java:46)
	at com.qa.walmart.Tests.ClothingTest.clickUrbanPlanetLinkTest(ClothingTest.java:46)
	at com.qa.walmart.Tests.ClothingTest.clickUrbanPlanetLinkTest(ClothingTest.java:46)
	at com.qa.walmart.Tests.ClothingTest.clickUrbanPlanetLinkTest(ClothingTest.java:46)
	at com.qa.walmart.Tests.ClothingTest.clickUrbanPlanetLinkTest(ClothingTest.java:46)
	at com.qa.walmart.Tests.ClothingTest.clickUrbanPlanetLinkTest(ClothingTest.java:46)
	at com.qa.walmart.Tests.ClothingTest.clickUrbanPlanetLinkTest(ClothingTest.java:46)
	at com.qa.walmart.Tests.ClothingTest.clickUrbanPlanetLinkTest(ClothingTest.java:46)
	at com.qa.walmart.Tests.ClothingTest.clickUrbanPlanetLinkTest(ClothingTest.java:46)
	at com.qa.walmart.Tests.ClothingTest.clickUrbanPlanetLinkTest(ClothingTest.java:46)
	at com.qa.walmart.Tests.ClothingTest.clickUrbanPlanetLinkTest(ClothingTest.java:46)
	at com.qa.walmart.Tests.ClothingTest.clickUrbanPlanetLinkTest(ClothingTest.java:46)
	at com.qa.walmart.Tests.ClothingTest.clickUrbanPlanetLinkTest(ClothingTest.java:46)
	at com.qa.walmart.Tests.ClothingTest.clickUrbanPlanetLinkTest(ClothingTest.java:46)
	at com.qa.walmart.Tests.ClothingTest.clickUrbanPlanetLinkTest(ClothingTest.java:46)
	at com.qa.walmart.Tests.ClothingTest.clickUrbanPlanetLinkTest(ClothingTest.java:46)
	at com.qa.walmart.Tests.ClothingTest.clickUrbanPlanetLinkTest(ClothingTest.java:46)
	at com.qa.walmart.Tests.ClothingTest.clickUrbanPlanetLinkTest(ClothingTest.java:46)
	at com.qa.walmart.Tests.ClothingTest.clickUrbanPlanetLinkTest(ClothingTest.java:46)
	at com.qa.walmart.Tests.ClothingTest.clickUrbanPlanetLinkTest(ClothingTest.java:46)
	at com.qa.walmart.Tests.ClothingTest.clickUrbanPlanetLinkTest(ClothingTest.java:46)
	at com.qa.walmart.Tests.ClothingTest.clickUrbanPlanetLinkTest(ClothingTest.java:46)
	at com.qa.walmart.Tests.ClothingTest.clickUrbanPlanetLinkTest(ClothingTest.java:46)
	at com.qa.walmart.Tests.ClothingTest.clickUrbanPlanetLinkTest(ClothingTest.java:46)
	at com.qa.walmart.Tests.ClothingTest.clickUrbanPlanetLinkTest(ClothingTest.java:46)
	at com.qa.walmart.Tests.ClothingTest.clickUrbanPlanetLinkTest(ClothingTest.java:46)
	at com.qa.walmart.Tests.ClothingTest.clickUrbanPlanetLinkTest(ClothingTest.java:46)
	at com.qa.walmart.Tests.ClothingTest.clickUrbanPlanetLinkTest(ClothingTest.java:46)
	at com.qa.walmart.Tests.ClothingTest.clickUrbanPlanetLinkTest(ClothingTest.java:46)
	at com.qa.walmart.Tests.ClothingTest.clickUrbanPlanetLinkTest(ClothingTest.java:46)
	at com.qa.walmart.Tests.ClothingTest.clickUrbanPlanetLinkTest(ClothingTest.java:46)
	at com.qa.walmart.Tests.ClothingTest.clickUrbanPlanetLinkTest(ClothingTest.java:46)
	at com.qa.walmart.Tests.ClothingTest.clickUrbanPlanetLinkTest(ClothingTest.java:46)
	at com.qa.walmart.Tests.ClothingTest.clickUrbanPlanetLinkTest(ClothingTest.java:46)
	at com.qa.walmart.Tests.ClothingTest.clickUrbanPlanetLinkTest(ClothingTest.java:46)
	at com.qa.walmart.Tests.ClothingTest.clickUrbanPlanetLinkTest(ClothingTest.java:46)
	at com.qa.walmart.Tests.ClothingTest.clickUrbanPlanetLinkTest(ClothingTest.java:46)
	at com.qa.walmart.Tests.ClothingTest.clickUrbanPlanetLinkTest(ClothingTest.java:46)
	at com.qa.walmart.Tests.ClothingTest.clickUrbanPlanetLinkTest(ClothingTest.java:46)
	at com.qa.walmart.Tests.ClothingTest.clickUrbanPlanetLinkTest(ClothingTest.java:46)
	at com.qa.walmart.Tests.ClothingTest.clickUrbanPlanetLinkTest(ClothingTest.java:46)
	at com.qa.walmart.Tests.ClothingTest.clickUrbanPlanetLinkTest(ClothingTest.java:46)
	at com.qa.walmart.Tests.ClothingTest.clickUrbanPlanetLinkTest(ClothingTest.java:46)
	at com.qa.walmart.Tests.ClothingTest.clickUrbanPlanetLinkTest(ClothingTest.java:46)
	at com.qa.walmart.Tests.ClothingTest.clickUrbanPlanetLinkTest(ClothingTest.java:46)
	at com.qa.walmart.Tests.ClothingTest.clickUrbanPlanetLinkTest(ClothingTest.java:46)
	at com.qa.walmart.Tests.ClothingTest.clickUrbanPlanetLinkTest(ClothingTest.java:46)
	at com.qa.walmart.Tests.ClothingTest.clickUrbanPlanetLinkTest(ClothingTest.java:46)
	at com.qa.walmart.Tests.ClothingTest.clickUrbanPlanetLinkTest(ClothingTest.java:46)
	at com.qa.walmart.Tests.ClothingTest.clickUrbanPlanetLinkTest(ClothingTest.java:46)
	at com.qa.walmart.Tests.ClothingTest.clickUrbanPlanetLinkTest(ClothingTest.java:46)
	at com.qa.walmart.Tests.ClothingTest.clickUrbanPlanetLinkTest(ClothingTest.java:46)
	at com.qa.walmart.Tests.ClothingTest.clickUrbanPlanetLinkTest(ClothingTest.java:46)
	at com.qa.walmart.Tests.ClothingTest.clickUrbanPlanetLinkTest(ClothingTest.java:46)
	at com.qa.walmart.Tests.ClothingTest.clickUrbanPlanetLinkTest(ClothingTest.java:46)
	at com.qa.walmart.Tests.ClothingTest.clickUrbanPlanetLinkTest(ClothingTest.java:46)
	at com.qa.walmart.Tests.ClothingTest.clickUrbanPlanetLinkTest(ClothingTest.java:46)
	at com.qa.walmart.Tests.ClothingTest.clickUrbanPlanetLinkTest(ClothingTest.java:46)
	at com.qa.walmart.Tests.ClothingTest.clickUrbanPlanetLinkTest(ClothingTest.java:46)
	at com.qa.walmart.Tests.ClothingTest.clickUrbanPlanetLinkTest(ClothingTest.java:46)
	at com.qa.walmart.Tests.ClothingTest.clickUrbanPlanetLinkTest(ClothingTest.java:46)
	at com.qa.walmart.Tests.ClothingTest.clickUrbanPlanetLinkTest(ClothingTest.java:46)
	at com.qa.walmart.Tests.ClothingTest.clickUrbanPlanetLinkTest(ClothingTest.java:46)
	at com.qa.walmart.Tests.ClothingTest.clickUrbanPlanetLinkTest(ClothingTest.java:46)
	at com.qa.walmart.Tests.ClothingTest.clickUrbanPlanetLinkTest(ClothingTest.java:46)
	at com.qa.walmart.Tests.ClothingTest.clickUrbanPlanetLinkTest(ClothingTest.java:46)
	at com.qa.walmart.Tests.ClothingTest.clickUrbanPlanetLinkTest(ClothingTest.java:46)
	at com.qa.walmart.Tests.ClothingTest.clickUrbanPlanetLinkTest(ClothingTest.java:46)
	at com.qa.walmart.Tests.ClothingTest.clickUrbanPlanetLinkTest(ClothingTest.java:46)
	at com.qa.walmart.Tests.ClothingTest.clickUrbanPlanetLinkTest(ClothingTest.java:46)
	at com.qa.walmart.Tests.ClothingTest.clickUrbanPlanetLinkTest(ClothingTest.java:46)
	at com.qa.walmart.Tests.ClothingTest.clickUrbanPlanetLinkTest(ClothingTest.java:46)
	at com.qa.walmart.Tests.ClothingTest.clickUrbanPlanetLinkTest(ClothingTest.java:46)
	at com.qa.walmart.Tests.ClothingTest.clickUrbanPlanetLinkTest(ClothingTest.java:46)
	at com.qa.walmart.Tests.ClothingTest.clickUrbanPlanetLinkTest(ClothingTest.java:46)
	at com.qa.walmart.Tests.ClothingTest.clickUrbanPlanetLinkTest(ClothingTest.java:46)
	at com.qa.walmart.Tests.ClothingTest.clickUrbanPlanetLinkTest(ClothingTest.java:46)
	at com.qa.walmart.Tests.ClothingTest.clickUrbanPlanetLinkTest(ClothingTest.java:46)
	at com.qa.walmart.Tests.ClothingTest.clickUrbanPlanetLinkTest(ClothingTest.java:46)
	at com.qa.walmart.Tests.ClothingTest.clickUrbanPlanetLinkTest(ClothingTest.java:46)
	at com.qa.walmart.Tests.ClothingTest.clickUrbanPlanetLinkTest(ClothingTest.java:46)
	at com.qa.walmart.Tests.ClothingTest.clickUrbanPlanetLinkTest(ClothingTest.java:46)
	at com.qa.walmart.Tests.ClothingTest.clickUrbanPlanetLinkTest(ClothingTest.java:46)
	at com.qa.walmart.Tests.ClothingTest.clickUrbanPlanetLinkTest(ClothingTest.java:46)
	at com.qa.walmart.Tests.ClothingTest.clickUrbanPlanetLinkTest(ClothingTest.java:46)
	at com.qa.walmart.Tests.ClothingTest.clickUrbanPlanetLinkTest(ClothingTest.java:46)
	at com.qa.walmart.Tests.ClothingTest.clickUrbanPlanetLinkTest(ClothingTest.java:46)
	at com.qa.walmart.Tests.ClothingTest.clickUrbanPlanetLinkTest(ClothingTest.java:46)
	at com.qa.walmart.Tests.ClothingTest.clickUrbanPlanetLinkTest(ClothingTest.java:46)
	at com.qa.walmart.Tests.ClothingTest.clickUrbanPlanetLinkTest(ClothingTest.java:46)
	at com.qa.walmart.Tests.ClothingTest.clickUrbanPlanetLinkTest(ClothingTest.java:46)
	at com.qa.walmart.Tests.ClothingTest.clickUrbanPlanetLinkTest(ClothingTest.java:46)
	at com.qa.walmart.Tests.ClothingTest.clickUrbanPlanetLinkTest(ClothingTest.java:46)
	at com.qa.walmart.Tests.ClothingTest.clickUrbanPlanetLinkTest(ClothingTest.java:46)
	at com.qa.walmart.Tests.ClothingTest.clickUrbanPlanetLinkTest(ClothingTest.java:46)
	at com.qa.walmart.Tests.ClothingTest.clickUrbanPlanetLinkTest(ClothingTest.java:46)
	at com.qa.walmart.Tests.ClothingTest.clickUrbanPlanetLinkTest(ClothingTest.java:46)
	at com.qa.walmart.Tests.ClothingTest.clickUrbanPlanetLinkTest(ClothingTest.java:46)
	at com.qa.walmart.Tests.ClothingTest.clickUrbanPlanetLinkTest(ClothingTest.java:46)
	at com.qa.walmart.Tests.ClothingTest.clickUrbanPlanetLinkTest(ClothingTest.java:46)
	at com.qa.walmart.Tests.ClothingTest.clickUrbanPlanetLinkTest(ClothingTest.java:46)
	at com.qa.walmart.Tests.ClothingTest.clickUrbanPlanetLinkTest(ClothingTest.java:46)
	at com.qa.walmart.Tests.ClothingTest.clickUrbanPlanetLinkTest(ClothingTest.java:46)
	at com.qa.walmart.Tests.ClothingTest.clickUrbanPlanetLinkTest(ClothingTest.java:46)
	at com.qa.walmart.Tests.ClothingTest.clickUrbanPlanetLinkTest(ClothingTest.java:46)
	at com.qa.walmart.Tests.ClothingTest.clickUrbanPlanetLinkTest(ClothingTest.java:46)
	at com.qa.walmart.Tests.ClothingTest.clickUrbanPlanetLinkTest(ClothingTest.java:46)
	at com.qa.walmart.Tests.ClothingTest.clickUrbanPlanetLinkTest(ClothingTest.java:46)
	at com.qa.walmart.Tests.ClothingTest.clickUrbanPlanetLinkTest(ClothingTest.java:46)
	at com.qa.walmart.Tests.ClothingTest.clickUrbanPlanetLinkTest(ClothingTest.java:46)
	at com.qa.walmart.Tests.ClothingTest.clickUrbanPlanetLinkTest(ClothingTest.java:46)
	at com.qa.walmart.Tests.ClothingTest.clickUrbanPlanetLinkTest(ClothingTest.java:46)
	at com.qa.walmart.Tests.ClothingTest.clickUrbanPlanetLinkTest(ClothingTest.java:46)
	at com.qa.walmart.Tests.ClothingTest.clickUrbanPlanetLinkTest(ClothingTest.java:46)
	at com.qa.walmart.Tests.ClothingTest.clickUrbanPlanetLinkTest(ClothingTest.java:46)
	at com.qa.walmart.Tests.ClothingTest.clickUrbanPlanetLinkTest(ClothingTest.java:46)
	at com.qa.walmart.Tests.ClothingTest.clickUrbanPlanetLinkTest(ClothingTest.java:46)
	at com.qa.walmart.Tests.ClothingTest.clickUrbanPlanetLinkTest(ClothingTest.java:46)
	at com.qa.walmart.Tests.ClothingTest.clickUrbanPlanetLinkTest(ClothingTest.java:46)
	at com.qa.walmart.Tests.ClothingTest.clickUrbanPlanetLinkTest(ClothingTest.java:46)
	at com.qa.walmart.Tests.ClothingTest.clickUrbanPlanetLinkTest(ClothingTest.java:46)
	at com.qa.walmart.Tests.ClothingTest.clickUrbanPlanetLinkTest(ClothingTest.java:46)
	at com.qa.walmart.Tests.ClothingTest.clickUrbanPlanetLinkTest(ClothingTest.java:46)
	at com.qa.walmart.Tests.ClothingTest.clickUrbanPlanetLinkTest(ClothingTest.java:46)
	at com.qa.walmart.Tests.ClothingTest.clickUrbanPlanetLinkTest(ClothingTest.java:46)
	at com.qa.walmart.Tests.ClothingTest.clickUrbanPlanetLinkTest(ClothingTest.java:46)
	at com.qa.walmart.Tests.ClothingTest.clickUrbanPlanetLinkTest(ClothingTest.java:46)
	at com.qa.walmart.Tests.ClothingTest.clickUrbanPlanetLinkTest(ClothingTest.java:46)
	at com.qa.walmart.Tests.ClothingTest.clickUrbanPlanetLinkTest(ClothingTest.java:46)
	at com.qa.walmart.Tests.ClothingTest.clickUrbanPlanetLinkTest(ClothingTest.java:46)
	at com.qa.walmart.Tests.ClothingTest.clickUrbanPlanetLinkTest(ClothingTest.java:46)
	at com.qa.walmart.Tests.ClothingTest.clickUrbanPlanetLinkTest(ClothingTest.java:46)
	at com.qa.walmart.Tests.ClothingTest.clickUrbanPlanetLinkTest(ClothingTest.java:46)
	at com.qa.walmart.Tests.ClothingTest.clickUrbanPlanetLinkTest(ClothingTest.java:46)
	at com.qa.walmart.Tests.ClothingTest.clickUrbanPlanetLinkTest(ClothingTest.java:46)
	at com.qa.walmart.Tests.ClothingTest.clickUrbanPlanetLinkTest(ClothingTest.java:46)
	at com.qa.walmart.Tests.ClothingTest.clickUrbanPlanetLinkTest(ClothingTest.java:46)
	at com.qa.walmart.Tests.ClothingTest.clickUrbanPlanetLinkTest(ClothingTest.java:46)
	at com.qa.walmart.Tests.ClothingTest.clickUrbanPlanetLinkTest(ClothingTest.java:46)
	at com.qa.walmart.Tests.ClothingTest.clickUrbanPlanetLinkTest(ClothingTest.java:46)
	at com.qa.walmart.Tests.ClothingTest.clickUrbanPlanetLinkTest(ClothingTest.java:46)
	at com.qa.walmart.Tests.ClothingTest.clickUrbanPlanetLinkTest(ClothingTest.java:46)
	at com.qa.walmart.Tests.ClothingTest.clickUrbanPlanetLinkTest(ClothingTest.java:46)
	at com.qa.walmart.Tests.ClothingTest.clickUrbanPlanetLinkTest(ClothingTest.java:46)
	at com.qa.walmart.Tests.ClothingTest.clickUrbanPlanetLinkTest(ClothingTest.java:46)
	at com.qa.walmart.Tests.ClothingTest.clickUrbanPlanetLinkTest(ClothingTest.java:46)
	at com.qa.walmart.Tests.ClothingTest.clickUrbanPlanetLinkTest(ClothingTest.java:46)
	at com.qa.walmart.Tests.ClothingTest.clickUrbanPlanetLinkTest(ClothingTest.java:46)
	at com.qa.walmart.Tests.ClothingTest.clickUrbanPlanetLinkTest(ClothingTest.java:46)
	at com.qa.walmart.Tests.ClothingTest.clickUrbanPlanetLinkTest(ClothingTest.java:46)
	at com.qa.walmart.Tests.ClothingTest.clickUrbanPlanetLinkTest(ClothingTest.java:46)
	at com.qa.walmart.Tests.ClothingTest.clickUrbanPlanetLinkTest(ClothingTest.java:46)
	at com.qa.walmart.Tests.ClothingTest.clickUrbanPlanetLinkTest(ClothingTest.java:46)
	at com.qa.walmart.Tests.ClothingTest.clickUrbanPlanetLinkTest(ClothingTest.java:46)
	at com.qa.walmart.Tests.ClothingTest.clickUrbanPlanetLinkTest(ClothingTest.java:46)
	at com.qa.walmart.Tests.ClothingTest.clickUrbanPlanetLinkTest(ClothingTest.java:46)
	at com.qa.walmart.Tests.ClothingTest.clickUrbanPlanetLinkTest(ClothingTest.java:46)
	at com.qa.walmart.Tests.ClothingTest.clickUrbanPlanetLinkTest(ClothingTest.java:46)
	at com.qa.walmart.Tests.ClothingTest.clickUrbanPlanetLinkTest(ClothingTest.java:46)
	at com.qa.walmart.Tests.ClothingTest.clickUrbanPlanetLinkTest(ClothingTest.java:46)
	at com.qa.walmart.Tests.ClothingTest.clickUrbanPlanetLinkTest(ClothingTest.java:46)
	at com.qa.walmart.Tests.ClothingTest.clickUrbanPlanetLinkTest(ClothingTest.java:46)
	at com.qa.walmart.Tests.ClothingTest.clickUrbanPlanetLinkTest(ClothingTest.java:46)
	at com.qa.walmart.Tests.ClothingTest.clickUrbanPlanetLinkTest(ClothingTest.java:46)
	at com.qa.walmart.Tests.ClothingTest.clickUrbanPlanetLinkTest(ClothingTest.java:46)
	at com.qa.walmart.Tests.ClothingTest.clickUrbanPlanetLinkTest(ClothingTest.java:46)
	at com.qa.walmart.Tests.ClothingTest.clickUrbanPlanetLinkTest(ClothingTest.java:46)
	at com.qa.walmart.Tests.ClothingTest.clickUrbanPlanetLinkTest(ClothingTest.java:46)
	at com.qa.walmart.Tests.ClothingTest.clickUrbanPlanetLinkTest(ClothingTest.java:46)
	at com.qa.walmart.Tests.ClothingTest.clickUrbanPlanetLinkTest(ClothingTest.java:46)
	at com.qa.walmart.Tests.ClothingTest.clickUrbanPlanetLinkTest(ClothingTest.java:46)
	at com.qa.walmart.Tests.ClothingTest.clickUrbanPlanetLinkTest(ClothingTest.java:46)
	at com.qa.walmart.Tests.ClothingTest.clickUrbanPlanetLinkTest(ClothingTest.java:46)
	at com.qa.walmart.Tests.ClothingTest.clickUrbanPlanetLinkTest(ClothingTest.java:46)
	at com.qa.walmart.Tests.ClothingTest.clickUrbanPlanetLinkTest(ClothingTest.java:46)
	at com.qa.walmart.Tests.ClothingTest.clickUrbanPlanetLinkTest(ClothingTest.java:46)
	at com.qa.walmart.Tests.ClothingTest.clickUrbanPlanetLinkTest(ClothingTest.java:46)
	at com.qa.walmart.Tests.ClothingTest.clickUrbanPlanetLinkTest(ClothingTest.java:46)
	at com.qa.walmart.Tests.ClothingTest.clickUrbanPlanetLinkTest(ClothingTest.java:46)
	at com.qa.walmart.Tests.ClothingTest.clickUrbanPlanetLinkTest(ClothingTest.java:46)
	at com.qa.walmart.Tests.ClothingTest.clickUrbanPlanetLinkTest(ClothingTest.java:46)
	at com.qa.walmart.Tests.ClothingTest.clickUrbanPlanetLinkTest(ClothingTest.java:46)
	at com.qa.walmart.Tests.ClothingTest.clickUrbanPlanetLinkTest(ClothingTest.java:46)
	at com.qa.walmart.Tests.ClothingTest.clickUrbanPlanetLinkTest(ClothingTest.java:46)
	at com.qa.walmart.Tests.ClothingTest.clickUrbanPlanetLinkTest(ClothingTest.java:46)
	at com.qa.walmart.Tests.ClothingTest.clickUrbanPlanetLinkTest(ClothingTest.java:46)
	at com.qa.walmart.Tests.ClothingTest.clickUrbanPlanetLinkTest(ClothingTest.java:46)
	at com.qa.walmart.Tests.ClothingTest.clickUrbanPlanetLinkTest(ClothingTest.java:46)
	at com.qa.walmart.Tests.ClothingTest.clickUrbanPlanetLinkTest(ClothingTest.java:46)
	at com.qa.walmart.Tests.ClothingTest.clickUrbanPlanetLinkTest(ClothingTest.java:46)
	at com.qa.walmart.Tests.ClothingTest.clickUrbanPlanetLinkTest(ClothingTest.java:46)
	at com.qa.walmart.Tests.ClothingTest.clickUrbanPlanetLinkTest(ClothingTest.java:46)
	at com.qa.walmart.Tests.ClothingTest.clickUrbanPlanetLinkTest(ClothingTest.java:46)
	at com.qa.walmart.Tests.ClothingTest.clickUrbanPlanetLinkTest(ClothingTest.java:46)
	at com.qa.walmart.Tests.ClothingTest.clickUrbanPlanetLinkTest(ClothingTest.java:46)
	at com.qa.walmart.Tests.ClothingTest.clickUrbanPlanetLinkTest(ClothingTest.java:46)
	at com.qa.walmart.Tests.ClothingTest.clickUrbanPlanetLinkTest(ClothingTest.java:46)
	at com.qa.walmart.Tests.ClothingTest.clickUrbanPlanetLinkTest(ClothingTest.java:46)
	at com.qa.walmart.Tests.ClothingTest.clickUrbanPlanetLinkTest(ClothingTest.java:46)
	at com.qa.walmart.Tests.ClothingTest.clickUrbanPlanetLinkTest(ClothingTest.java:46)
	at com.qa.walmart.Tests.ClothingTest.clickUrbanPlanetLinkTest(ClothingTest.java:46)
	at com.qa.walmart.Tests.ClothingTest.clickUrbanPlanetLinkTest(ClothingTest.java:46)
	at com.qa.walmart.Tests.ClothingTest.clickUrbanPlanetLinkTest(ClothingTest.java:46)
	at com.qa.walmart.Tests.ClothingTest.clickUrbanPlanetLinkTest(ClothingTest.java:46)
	at com.qa.walmart.Tests.ClothingTest.clickUrbanPlanetLinkTest(ClothingTest.java:46)
	at com.qa.walmart.Tests.ClothingTest.clickUrbanPlanetLinkTest(ClothingTest.java:46)
	at com.qa.walmart.Tests.ClothingTest.clickUrbanPlanetLinkTest(ClothingTest.java:46)
	at com.qa.walmart.Tests.ClothingTest.clickUrbanPlanetLinkTest(ClothingTest.java:46)
	at com.qa.walmart.Tests.ClothingTest.clickUrbanPlanetLinkTest(ClothingTest.java:46)
	at com.qa.walmart.Tests.ClothingTest.clickUrbanPlanetLinkTest(ClothingTest.java:46)
	at com.qa.walmart.Tests.ClothingTest.clickUrbanPlanetLinkTest(ClothingTest.java:46)
	at com.qa.walmart.Tests.ClothingTest.clickUrbanPlanetLinkTest(ClothingTest.java:46)
	at com.qa.walmart.Tests.ClothingTest.clickUrbanPlanetLinkTest(ClothingTest.java:46)
	at com.qa.walmart.Tests.ClothingTest.clickUrbanPlanetLinkTest(ClothingTest.java:46)
	at com.qa.walmart.Tests.ClothingTest.clickUrbanPlanetLinkTest(ClothingTest.java:46)
	at com.qa.walmart.Tests.ClothingTest.clickUrbanPlanetLinkTest(ClothingTest.java:46)
	at com.qa.walmart.Tests.ClothingTest.clickUrbanPlanetLinkTest(ClothingTest.java:46)
	at com.qa.walmart.Tests.ClothingTest.clickUrbanPlanetLinkTest(ClothingTest.java:46)
	at com.qa.walmart.Tests.ClothingTest.clickUrbanPlanetLinkTest(ClothingTest.java:46)
	at com.qa.walmart.Tests.ClothingTest.clickUrbanPlanetLinkTest(ClothingTest.java:46)
	at com.qa.walmart.Tests.ClothingTest.clickUrbanPlanetLinkTest(ClothingTest.java:46)
	at com.qa.walmart.Tests.ClothingTest.clickUrbanPlanetLinkTest(ClothingTest.java:46)
	at com.qa.walmart.Tests.ClothingTest.clickUrbanPlanetLinkTest(ClothingTest.java:46)
	at com.qa.walmart.Tests.ClothingTest.clickUrbanPlanetLinkTest(ClothingTest.java:46)
	at com.qa.walmart.Tests.ClothingTest.clickUrbanPlanetLinkTest(ClothingTest.java:46)
	at com.qa.walmart.Tests.ClothingTest.clickUrbanPlanetLinkTest(ClothingTest.java:46)
	at com.qa.walmart.Tests.ClothingTest.clickUrbanPlanetLinkTest(ClothingTest.java:46)
	at com.qa.walmart.Tests.ClothingTest.clickUrbanPlanetLinkTest(ClothingTest.java:46)
	at com.qa.walmart.Tests.ClothingTest.clickUrbanPlanetLinkTest(ClothingTest.java:46)
	at com.qa.walmart.Tests.ClothingTest.clickUrbanPlanetLinkTest(ClothingTest.java:46)
	at com.qa.walmart.Tests.ClothingTest.clickUrbanPlanetLinkTest(ClothingTest.java:46)
	at com.qa.walmart.Tests.ClothingTest.clickUrbanPlanetLinkTest(ClothingTest.java:46)
	at com.qa.walmart.Tests.ClothingTest.clickUrbanPlanetLinkTest(ClothingTest.java:46)
	at com.qa.walmart.Tests.ClothingTest.clickUrbanPlanetLinkTest(ClothingTest.java:46)
	at com.qa.walmart.Tests.ClothingTest.clickUrbanPlanetLinkTest(ClothingTest.java:46)
	at com.qa.walmart.Tests.ClothingTest.clickUrbanPlanetLinkTest(ClothingTest.java:46)
	at com.qa.walmart.Tests.ClothingTest.clickUrbanPlanetLinkTest(ClothingTest.java:46)
	at com.qa.walmart.Tests.ClothingTest.clickUrbanPlanetLinkTest(ClothingTest.java:46)
	at com.qa.walmart.Tests.ClothingTest.clickUrbanPlanetLinkTest(ClothingTest.java:46)
	at com.qa.walmart.Tests.ClothingTest.clickUrbanPlanetLinkTest(ClothingTest.java:46)
	at com.qa.walmart.Tests.ClothingTest.clickUrbanPlanetLinkTest(ClothingTest.java:46)
	at com.qa.walmart.Tests.ClothingTest.clickUrbanPlanetLinkTest(ClothingTest.java:46)
	at com.qa.walmart.Tests.ClothingTest.clickUrbanPlanetLinkTest(ClothingTest.java:46)
	at com.qa.walmart.Tests.ClothingTest.clickUrbanPlanetLinkTest(ClothingTest.java:46)
]]>
    </error>
  </testcase> <!-- clickUrbanPlanetLinkTest -->
  <testcase name="pageTitleTest" classname="com.qa.walmart.Tests.ClothingTest">
    <skipped/>
  </testcase> <!-- pageTitleTest -->
</testsuite> <!-- com.qa.walmart.Tests.ClothingTest -->
