<?xml version="1.0" encoding="UTF-8"?>
<!-- Generated by org.testng.reporters.JUnitReportReporter -->
<testsuite skipped="1" hostname="LAPTOP-JVNL5G83" name="com.qa.walmart.Tests.LoginPageTest" tests="2" failures="0" timestamp="25 Jun 2020 06:30:12 GMT" time="18.611" errors="0">
  <testcase name="bannerMovementDetectionTest" time="18.611" classname="com.qa.walmart.Tests.LoginPageTest"/>
  <testcase name="SignInTest" classname="com.qa.walmart.Tests.LoginPageTest">
    <skipped/>
  </testcase> <!-- SignInTest -->
</testsuite> <!-- com.qa.walmart.Tests.LoginPageTest -->
