<?xml version="1.0" encoding="UTF-8"?>
<!-- Generated by org.testng.reporters.JUnitReportReporter -->
<testsuite skipped="0" hostname="LAPTOP-JVNL5G83" name="com.qa.walmart.Tests.ShopGroceriesTest" tests="1" failures="0" timestamp="17 Jun 2020 11:03:15 GMT" time="31.760" errors="0">
  <testcase name="verifyfaceBookLogoColorTest" time="31.760" classname="com.qa.walmart.Tests.ShopGroceriesTest"/>
</testsuite> <!-- com.qa.walmart.Tests.ShopGroceriesTest -->
